# JRE version: Java(TM) SE Runtime Environment (17.0.14+8) (build 17.0.14+8-LTS-191)
# Java VM: Java HotSpot(TM) 64-Bit Server VM (17.0.14+8-LTS-191, mixed mode, sharing, tiered, compressed oops, compressed class ptrs, g1 gc, windows-amd64)
GC Precious Log:
 CPUs: 4 total, 4 available
 Memory: 12168M
 Large Page Support: Disabled
 NUMA Support: Disabled
 Compressed Oops: Enabled (Zero based)
 Heap Region Size: 4M
 Heap Min Capacity: 8M
 Heap Initial Capacity: 192M
 Heap Max Capacity: 8G
 Pre-touch: Disabled
 Parallel Workers: 4
 Concurrent Workers: 1
 Concurrent Refinement Workers: 4
 Periodic GC: Disabled
Heap:
 garbage-first heap   total 442368K, used 298133K [0x0000000600000000, 0x0000000800000000)
  region size 4096K, 39 young (159744K), 7 survivors (28672K)
 Metaspace       used 111569K, committed 112896K, reserved 1179648K
  class space    used 15504K, committed 16128K, reserved 1048576K
GC Heap History (20 events):
Event: 146.844 GC heap before
{Heap before GC invocations=35 (full 0):
 garbage-first heap   total 208896K, used 157086K [0x0000000600000000, 0x0000000800000000)
  region size 4096K, 18 young (73728K), 1 survivors (4096K)
 Metaspace       used 77854K, committed 78784K, reserved 1179648K
  class space    used 10961K, committed 11456K, reserved 1048576K
}
Event: 146.855 GC heap after
{Heap after GC invocations=36 (full 0):
 garbage-first heap   total 208896K, used 93704K [0x0000000600000000, 0x0000000800000000)
  region size 4096K, 2 young (8192K), 2 survivors (8192K)
 Metaspace       used 77854K, committed 78784K, reserved 1179648K
  class space    used 10961K, committed 11456K, reserved 1048576K
}
Event: 148.125 GC heap before
{Heap before GC invocations=36 (full 0):
 garbage-first heap   total 208896K, used 155144K [0x0000000600000000, 0x0000000800000000)
  region size 4096K, 18 young (73728K), 2 survivors (8192K)
 Metaspace       used 77905K, committed 78848K, reserved 1179648K
  class space    used 10963K, committed 11456K, reserved 1048576K
}
Event: 148.138 GC heap after
{Heap after GC invocations=37 (full 0):
 garbage-first heap   total 208896K, used 95843K [0x0000000600000000, 0x0000000800000000)
  region size 4096K, 2 young (8192K), 2 survivors (8192K)
 Metaspace       used 77905K, committed 78848K, reserved 1179648K
  class space    used 10963K, committed 11456K, reserved 1048576K
}
Event: 149.793 GC heap before
{Heap before GC invocations=37 (full 0):
 garbage-first heap   total 208896K, used 153187K [0x0000000600000000, 0x0000000800000000)
  region size 4096K, 17 young (69632K), 2 survivors (8192K)
 Metaspace       used 77909K, committed 78848K, reserved 1179648K
  class space    used 10964K, committed 11456K, reserved 1048576K
}
Event: 149.801 GC heap after
{Heap after GC invocations=38 (full 0):
 garbage-first heap   total 208896K, used 97111K [0x0000000600000000, 0x0000000800000000)
  region size 4096K, 2 young (8192K), 2 survivors (8192K)
 Metaspace       used 77909K, committed 78848K, reserved 1179648K
  class space    used 10964K, committed 11456K, reserved 1048576K
}
Event: 151.440 GC heap before
{Heap before GC invocations=39 (full 0):
 garbage-first heap   total 208896K, used 162647K [0x0000000600000000, 0x0000000800000000)
  region size 4096K, 18 young (73728K), 2 survivors (8192K)
 Metaspace       used 78339K, committed 79296K, reserved 1179648K
  class space    used 11033K, committed 11520K, reserved 1048576K
}
Event: 151.453 GC heap after
{Heap after GC invocations=40 (full 0):
 garbage-first heap   total 208896K, used 113380K [0x0000000600000000, 0x0000000800000000)
  region size 4096K, 3 young (12288K), 3 survivors (12288K)
 Metaspace       used 78339K, committed 79296K, reserved 1179648K
  class space    used 11033K, committed 11520K, reserved 1048576K
}
Event: 151.469 GC heap before
{Heap before GC invocations=40 (full 0):
 garbage-first heap   total 208896K, used 117476K [0x0000000600000000, 0x0000000800000000)
  region size 4096K, 4 young (16384K), 3 survivors (12288K)
 Metaspace       used 78339K, committed 79296K, reserved 1179648K
  class space    used 11033K, committed 11520K, reserved 1048576K
}
Event: 151.482 GC heap after
{Heap after GC invocations=41 (full 0):
 garbage-first heap   total 208896K, used 109834K [0x0000000600000000, 0x0000000800000000)
  region size 4096K, 1 young (4096K), 1 survivors (4096K)
 Metaspace       used 78339K, committed 79296K, reserved 1179648K
  class space    used 11033K, committed 11520K, reserved 1048576K
}
Event: 152.511 GC heap before
{Heap before GC invocations=41 (full 0):
 garbage-first heap   total 208896K, used 150794K [0x0000000600000000, 0x0000000800000000)
  region size 4096K, 12 young (49152K), 1 survivors (4096K)
 Metaspace       used 79907K, committed 80896K, reserved 1179648K
  class space    used 11229K, committed 11712K, reserved 1048576K
}
Event: 152.519 GC heap after
{Heap after GC invocations=42 (full 0):
 garbage-first heap   total 442368K, used 116836K [0x0000000600000000, 0x0000000800000000)
  region size 4096K, 2 young (8192K), 2 survivors (8192K)
 Metaspace       used 79907K, committed 80896K, reserved 1179648K
  class space    used 11229K, committed 11712K, reserved 1048576K
}
Event: 159.549 GC heap before
{Heap before GC invocations=42 (full 0):
 garbage-first heap   total 442368K, used 358500K [0x0000000600000000, 0x0000000800000000)
  region size 4096K, 60 young (245760K), 2 survivors (8192K)
 Metaspace       used 92391K, committed 93504K, reserved 1179648K
  class space    used 12739K, committed 13312K, reserved 1048576K
}
Event: 159.576 GC heap after
{Heap after GC invocations=43 (full 0):
 garbage-first heap   total 442368K, used 136083K [0x0000000600000000, 0x0000000800000000)
  region size 4096K, 6 young (24576K), 6 survivors (24576K)
 Metaspace       used 92391K, committed 93504K, reserved 1179648K
  class space    used 12739K, committed 13312K, reserved 1048576K
}
Event: 163.530 GC heap before
{Heap before GC invocations=43 (full 0):
 garbage-first heap   total 442368K, used 332691K [0x0000000600000000, 0x0000000800000000)
  region size 4096K, 54 young (221184K), 6 survivors (24576K)
 Metaspace       used 92603K, committed 93760K, reserved 1179648K
  class space    used 12753K, committed 13312K, reserved 1048576K
}
Event: 163.566 GC heap after
{Heap after GC invocations=44 (full 0):
 garbage-first heap   total 442368K, used 146933K [0x0000000600000000, 0x0000000800000000)
  region size 4096K, 4 young (16384K), 4 survivors (16384K)
 Metaspace       used 92603K, committed 93760K, reserved 1179648K
  class space    used 12753K, committed 13312K, reserved 1048576K
}
Event: 168.896 GC heap before
{Heap before GC invocations=44 (full 0):
 garbage-first heap   total 442368K, used 343541K [0x0000000600000000, 0x0000000800000000)
  region size 4096K, 51 young (208896K), 4 survivors (16384K)
 Metaspace       used 102500K, committed 103616K, reserved 1179648K
  class space    used 14221K, committed 14784K, reserved 1048576K
}
Event: 168.921 GC heap after
{Heap after GC invocations=45 (full 0):
 garbage-first heap   total 442368K, used 162628K [0x0000000600000000, 0x0000000800000000)
  region size 4096K, 6 young (24576K), 6 survivors (24576K)
 Metaspace       used 102500K, committed 103616K, reserved 1179648K
  class space    used 14221K, committed 14784K, reserved 1048576K
}
Event: 174.434 GC heap before
{Heap before GC invocations=45 (full 0):
 garbage-first heap   total 442368K, used 346948K [0x0000000600000000, 0x0000000800000000)
  region size 4096K, 51 young (208896K), 6 survivors (24576K)
 Metaspace       used 111491K, committed 112768K, reserved 1179648K
  class space    used 15504K, committed 16128K, reserved 1048576K
}
Event: 174.472 GC heap after
{Heap after GC invocations=46 (full 0):
 garbage-first heap   total 442368K, used 175253K [0x0000000600000000, 0x0000000800000000)
  region size 4096K, 7 young (28672K), 7 survivors (28672K)
 Metaspace       used 111491K, committed 112768K, reserved 1179648K
  class space    used 15504K, committed 16128K, reserved 1048576K
}

