# JRE version: OpenJDK Runtime Environment Temurin-21.0.7+6 (21.0.7+6) (build 21.0.7+6-LTS)
# Java VM: OpenJDK 64-Bit Server VM Temurin-21.0.7+6 (21.0.7+6-LTS, mixed mode, sharing, tiered, compressed oops, compressed class ptrs, parallel gc, windows-amd64)
GC Precious Log:
 CardTable entry size: 512
 CPUs: 4 total, 4 available
 Memory: 12168M
 Large Page Support: Disabled
 NUMA Support: Disabled
 Compressed Oops: Enabled (32-bit)
 Alignments: Space 512K, Generation 512K, Heap 2M
 Heap Min Capacity: 100M
 Heap Initial Capacity: 100M
 Heap Max Capacity: 2G
 Pre-touch: Disabled
 Parallel Workers: 4
Heap:
 PSYoungGen      total 13312K, used 13311K [0x00000000d5580000, 0x00000000d7080000, 0x0000000100000000)
  eden space 10240K, 100% used [0x00000000d5580000,0x00000000d5f80000,0x00000000d5f80000)
  from space 3072K, 99% used [0x00000000d6200000,0x00000000d64ffd28,0x00000000d6500000)
  to   space 8704K, 0% used [0x00000000d6800000,0x00000000d6800000,0x00000000d7080000)
 ParOldGen       total 465408K, used 465040K [0x0000000080000000, 0x000000009c680000, 0x00000000d5580000)
  object space 465408K, 99% used [0x0000000080000000,0x000000009c624048,0x000000009c680000)
 Metaspace       used 77659K, committed 80000K, reserved 1179648K
  class space    used 9054K, committed 10048K, reserved 1048576K
GC Heap History (20 events):
Event: 3363.197 GC heap before
{Heap before GC invocations=1732 (full 6):
 PSYoungGen      total 9216K, used 9212K [0x00000000d5580000, 0x00000000d6b80000, 0x0000000100000000)
  eden space 8192K, 100% used [0x00000000d5580000,0x00000000d5d80000,0x00000000d5d80000)
  from space 1024K, 99% used [0x00000000d5e80000,0x00000000d5f7f1c8,0x00000000d5f80000)
  to   space 7168K, 0% used [0x00000000d6480000,0x00000000d6480000,0x00000000d6b80000)
 ParOldGen       total 447488K, used 447039K [0x0000000080000000, 0x000000009b500000, 0x00000000d5580000)
  object space 447488K, 99% used [0x0000000080000000,0x000000009b48ff70,0x000000009b500000)
 Metaspace       used 77659K, committed 80000K, reserved 1179648K
  class space    used 9054K, committed 10048K, reserved 1048576K
}
Event: 3363.201 GC heap after
{Heap after GC invocations=1732 (full 6):
 PSYoungGen      total 13312K, used 2784K [0x00000000d5580000, 0x00000000d6780000, 0x0000000100000000)
  eden space 10240K, 0% used [0x00000000d5580000,0x00000000d5580000,0x00000000d5f80000)
  from space 3072K, 90% used [0x00000000d6480000,0x00000000d6738000,0x00000000d6780000)
  to   space 4096K, 0% used [0x00000000d5f80000,0x00000000d5f80000,0x00000000d6380000)
 ParOldGen       total 448000K, used 447761K [0x0000000080000000, 0x000000009b580000, 0x00000000d5580000)
  object space 448000K, 99% used [0x0000000080000000,0x000000009b5446f8,0x000000009b580000)
 Metaspace       used 77659K, committed 80000K, reserved 1179648K
  class space    used 9054K, committed 10048K, reserved 1048576K
}
Event: 3363.820 GC heap before
{Heap before GC invocations=1733 (full 6):
 PSYoungGen      total 13312K, used 13024K [0x00000000d5580000, 0x00000000d6780000, 0x0000000100000000)
  eden space 10240K, 100% used [0x00000000d5580000,0x00000000d5f80000,0x00000000d5f80000)
  from space 3072K, 90% used [0x00000000d6480000,0x00000000d6738000,0x00000000d6780000)
  to   space 4096K, 0% used [0x00000000d5f80000,0x00000000d5f80000,0x00000000d6380000)
 ParOldGen       total 448000K, used 447761K [0x0000000080000000, 0x000000009b580000, 0x00000000d5580000)
  object space 448000K, 99% used [0x0000000080000000,0x000000009b5446f8,0x000000009b580000)
 Metaspace       used 77659K, committed 80000K, reserved 1179648K
  class space    used 9054K, committed 10048K, reserved 1048576K
}
Event: 3363.822 GC heap after
{Heap after GC invocations=1733 (full 6):
 PSYoungGen      total 11776K, used 1310K [0x00000000d5580000, 0x00000000d6500000, 0x0000000100000000)
  eden space 10240K, 0% used [0x00000000d5580000,0x00000000d5580000,0x00000000d5f80000)
  from space 1536K, 85% used [0x00000000d5f80000,0x00000000d60c7a50,0x00000000d6100000)
  to   space 2048K, 0% used [0x00000000d6300000,0x00000000d6300000,0x00000000d6500000)
 ParOldGen       total 448000K, used 447809K [0x0000000080000000, 0x000000009b580000, 0x00000000d5580000)
  object space 448000K, 99% used [0x0000000080000000,0x000000009b5506f8,0x000000009b580000)
 Metaspace       used 77659K, committed 80000K, reserved 1179648K
  class space    used 9054K, committed 10048K, reserved 1048576K
}
Event: 3363.909 GC heap before
{Heap before GC invocations=1734 (full 6):
 PSYoungGen      total 11776K, used 11550K [0x00000000d5580000, 0x00000000d6500000, 0x0000000100000000)
  eden space 10240K, 99% used [0x00000000d5580000,0x00000000d5f7ff78,0x00000000d5f80000)
  from space 1536K, 85% used [0x00000000d5f80000,0x00000000d60c7a50,0x00000000d6100000)
  to   space 2048K, 0% used [0x00000000d6300000,0x00000000d6300000,0x00000000d6500000)
 ParOldGen       total 448000K, used 447809K [0x0000000080000000, 0x000000009b580000, 0x00000000d5580000)
  object space 448000K, 99% used [0x0000000080000000,0x000000009b5506f8,0x000000009b580000)
 Metaspace       used 77659K, committed 80000K, reserved 1179648K
  class space    used 9054K, committed 10048K, reserved 1048576K
}
Event: 3363.911 GC heap after
{Heap after GC invocations=1734 (full 6):
 PSYoungGen      total 10752K, used 512K [0x00000000d5580000, 0x00000000d6380000, 0x0000000100000000)
  eden space 10240K, 0% used [0x00000000d5580000,0x00000000d5580000,0x00000000d5f80000)
  from space 512K, 100% used [0x00000000d6300000,0x00000000d6380000,0x00000000d6380000)
  to   space 1024K, 0% used [0x00000000d6180000,0x00000000d6180000,0x00000000d6280000)
 ParOldGen       total 448000K, used 447833K [0x0000000080000000, 0x000000009b580000, 0x00000000d5580000)
  object space 448000K, 99% used [0x0000000080000000,0x000000009b5566f8,0x000000009b580000)
 Metaspace       used 77659K, committed 80000K, reserved 1179648K
  class space    used 9054K, committed 10048K, reserved 1048576K
}
Event: 3363.928 GC heap before
{Heap before GC invocations=1735 (full 6):
 PSYoungGen      total 10752K, used 10752K [0x00000000d5580000, 0x00000000d6380000, 0x0000000100000000)
  eden space 10240K, 100% used [0x00000000d5580000,0x00000000d5f80000,0x00000000d5f80000)
  from space 512K, 100% used [0x00000000d6300000,0x00000000d6380000,0x00000000d6380000)
  to   space 1024K, 0% used [0x00000000d6180000,0x00000000d6180000,0x00000000d6280000)
 ParOldGen       total 448000K, used 447833K [0x0000000080000000, 0x000000009b580000, 0x00000000d5580000)
  object space 448000K, 99% used [0x0000000080000000,0x000000009b5566f8,0x000000009b580000)
 Metaspace       used 77659K, committed 80000K, reserved 1179648K
  class space    used 9054K, committed 10048K, reserved 1048576K
}
Event: 3363.937 GC heap after
{Heap after GC invocations=1735 (full 6):
 PSYoungGen      total 11264K, used 1022K [0x00000000d5580000, 0x00000000d6f80000, 0x0000000100000000)
  eden space 10240K, 0% used [0x00000000d5580000,0x00000000d5580000,0x00000000d5f80000)
  from space 1024K, 99% used [0x00000000d6180000,0x00000000d627fa50,0x00000000d6280000)
  to   space 8192K, 0% used [0x00000000d6780000,0x00000000d6780000,0x00000000d6f80000)
 ParOldGen       total 454144K, used 453640K [0x0000000080000000, 0x000000009bb80000, 0x00000000d5580000)
  object space 454144K, 99% used [0x0000000080000000,0x000000009bb02148,0x000000009bb80000)
 Metaspace       used 77659K, committed 80000K, reserved 1179648K
  class space    used 9054K, committed 10048K, reserved 1048576K
}
Event: 3363.946 GC heap before
{Heap before GC invocations=1736 (full 6):
 PSYoungGen      total 11264K, used 11262K [0x00000000d5580000, 0x00000000d6f80000, 0x0000000100000000)
  eden space 10240K, 100% used [0x00000000d5580000,0x00000000d5f80000,0x00000000d5f80000)
  from space 1024K, 99% used [0x00000000d6180000,0x00000000d627fa50,0x00000000d6280000)
  to   space 8192K, 0% used [0x00000000d6780000,0x00000000d6780000,0x00000000d6f80000)
 ParOldGen       total 454144K, used 453640K [0x0000000080000000, 0x000000009bb80000, 0x00000000d5580000)
  object space 454144K, 99% used [0x0000000080000000,0x000000009bb02148,0x000000009bb80000)
 Metaspace       used 77659K, committed 80000K, reserved 1179648K
  class space    used 9054K, committed 10048K, reserved 1048576K
}
Event: 3363.949 GC heap after
{Heap after GC invocations=1736 (full 6):
 PSYoungGen      total 12288K, used 1595K [0x00000000d5580000, 0x00000000d6980000, 0x0000000100000000)
  eden space 10240K, 0% used [0x00000000d5580000,0x00000000d5580000,0x00000000d5f80000)
  from space 2048K, 77% used [0x00000000d6780000,0x00000000d690ec20,0x00000000d6980000)
  to   space 3584K, 0% used [0x00000000d6280000,0x00000000d6280000,0x00000000d6600000)
 ParOldGen       total 454656K, used 454519K [0x0000000080000000, 0x000000009bc00000, 0x00000000d5580000)
  object space 454656K, 99% used [0x0000000080000000,0x000000009bbdde70,0x000000009bc00000)
 Metaspace       used 77659K, committed 80000K, reserved 1179648K
  class space    used 9054K, committed 10048K, reserved 1048576K
}
Event: 3364.581 GC heap before
{Heap before GC invocations=1737 (full 6):
 PSYoungGen      total 12288K, used 11835K [0x00000000d5580000, 0x00000000d6980000, 0x0000000100000000)
  eden space 10240K, 100% used [0x00000000d5580000,0x00000000d5f80000,0x00000000d5f80000)
  from space 2048K, 77% used [0x00000000d6780000,0x00000000d690ec20,0x00000000d6980000)
  to   space 3584K, 0% used [0x00000000d6280000,0x00000000d6280000,0x00000000d6600000)
 ParOldGen       total 454656K, used 454519K [0x0000000080000000, 0x000000009bc00000, 0x00000000d5580000)
  object space 454656K, 99% used [0x0000000080000000,0x000000009bbdde70,0x000000009bc00000)
 Metaspace       used 77659K, committed 80000K, reserved 1179648K
  class space    used 9054K, committed 10048K, reserved 1048576K
}
Event: 3364.588 GC heap after
{Heap after GC invocations=1737 (full 6):
 PSYoungGen      total 13824K, used 3579K [0x00000000d5580000, 0x00000000d6e80000, 0x0000000100000000)
  eden space 10240K, 0% used [0x00000000d5580000,0x00000000d5580000,0x00000000d5f80000)
  from space 3584K, 99% used [0x00000000d6280000,0x00000000d65feef0,0x00000000d6600000)
  to   space 7680K, 0% used [0x00000000d6700000,0x00000000d6700000,0x00000000d6e80000)
 ParOldGen       total 457728K, used 457479K [0x0000000080000000, 0x000000009bf00000, 0x00000000d5580000)
  object space 457728K, 99% used [0x0000000080000000,0x000000009bec1e70,0x000000009bf00000)
 Metaspace       used 77659K, committed 80000K, reserved 1179648K
  class space    used 9054K, committed 10048K, reserved 1048576K
}
Event: 3364.598 GC heap before
{Heap before GC invocations=1738 (full 6):
 PSYoungGen      total 13824K, used 13819K [0x00000000d5580000, 0x00000000d6e80000, 0x0000000100000000)
  eden space 10240K, 100% used [0x00000000d5580000,0x00000000d5f80000,0x00000000d5f80000)
  from space 3584K, 99% used [0x00000000d6280000,0x00000000d65feef0,0x00000000d6600000)
  to   space 7680K, 0% used [0x00000000d6700000,0x00000000d6700000,0x00000000d6e80000)
 ParOldGen       total 457728K, used 457479K [0x0000000080000000, 0x000000009bf00000, 0x00000000d5580000)
  object space 457728K, 99% used [0x0000000080000000,0x000000009bec1e70,0x000000009bf00000)
 Metaspace       used 77659K, committed 80000K, reserved 1179648K
  class space    used 9054K, committed 10048K, reserved 1048576K
}
Event: 3364.603 GC heap after
{Heap after GC invocations=1738 (full 6):
 PSYoungGen      total 13824K, used 3099K [0x00000000d5580000, 0x00000000d6a80000, 0x0000000100000000)
  eden space 10240K, 0% used [0x00000000d5580000,0x00000000d5580000,0x00000000d5f80000)
  from space 3584K, 86% used [0x00000000d6700000,0x00000000d6a06c20,0x00000000d6a80000)
  to   space 4608K, 0% used [0x00000000d6180000,0x00000000d6180000,0x00000000d6600000)
 ParOldGen       total 460800K, used 460454K [0x0000000080000000, 0x000000009c200000, 0x00000000d5580000)
  object space 460800K, 99% used [0x0000000080000000,0x000000009c1a98c0,0x000000009c200000)
 Metaspace       used 77659K, committed 80000K, reserved 1179648K
  class space    used 9054K, committed 10048K, reserved 1048576K
}
Event: 3365.126 GC heap before
{Heap before GC invocations=1739 (full 6):
 PSYoungGen      total 13824K, used 13339K [0x00000000d5580000, 0x00000000d6a80000, 0x0000000100000000)
  eden space 10240K, 100% used [0x00000000d5580000,0x00000000d5f80000,0x00000000d5f80000)
  from space 3584K, 86% used [0x00000000d6700000,0x00000000d6a06c20,0x00000000d6a80000)
  to   space 4608K, 0% used [0x00000000d6180000,0x00000000d6180000,0x00000000d6600000)
 ParOldGen       total 460800K, used 460454K [0x0000000080000000, 0x000000009c200000, 0x00000000d5580000)
  object space 460800K, 99% used [0x0000000080000000,0x000000009c1a98c0,0x000000009c200000)
 Metaspace       used 77659K, committed 80000K, reserved 1179648K
  class space    used 9054K, committed 10048K, reserved 1048576K
}
Event: 3365.131 GC heap after
{Heap after GC invocations=1739 (full 6):
 PSYoungGen      total 14336K, used 4094K [0x00000000d5580000, 0x00000000d6880000, 0x0000000100000000)
  eden space 10240K, 0% used [0x00000000d5580000,0x00000000d5580000,0x00000000d5f80000)
  from space 4096K, 99% used [0x00000000d6180000,0x00000000d657fa50,0x00000000d6580000)
  to   space 3072K, 0% used [0x00000000d6580000,0x00000000d6580000,0x00000000d6880000)
 ParOldGen       total 460800K, used 460454K [0x0000000080000000, 0x000000009c200000, 0x00000000d5580000)
  object space 460800K, 99% used [0x0000000080000000,0x000000009c1a98c0,0x000000009c200000)
 Metaspace       used 77659K, committed 80000K, reserved 1179648K
  class space    used 9054K, committed 10048K, reserved 1048576K
}
Event: 3365.241 GC heap before
{Heap before GC invocations=1740 (full 6):
 PSYoungGen      total 14336K, used 14334K [0x00000000d5580000, 0x00000000d6880000, 0x0000000100000000)
  eden space 10240K, 100% used [0x00000000d5580000,0x00000000d5f80000,0x00000000d5f80000)
  from space 4096K, 99% used [0x00000000d6180000,0x00000000d657fa50,0x00000000d6580000)
  to   space 3072K, 0% used [0x00000000d6580000,0x00000000d6580000,0x00000000d6880000)
 ParOldGen       total 460800K, used 460454K [0x0000000080000000, 0x000000009c200000, 0x00000000d5580000)
  object space 460800K, 99% used [0x0000000080000000,0x000000009c1a98c0,0x000000009c200000)
 Metaspace       used 77659K, committed 80000K, reserved 1179648K
  class space    used 9054K, committed 10048K, reserved 1048576K
}
Event: 3365.244 GC heap after
{Heap after GC invocations=1740 (full 6):
 PSYoungGen      total 12800K, used 2398K [0x00000000d5580000, 0x00000000d6800000, 0x0000000100000000)
  eden space 10240K, 0% used [0x00000000d5580000,0x00000000d5580000,0x00000000d5f80000)
  from space 2560K, 93% used [0x00000000d6580000,0x00000000d67d7a50,0x00000000d6800000)
  to   space 3072K, 0% used [0x00000000d6200000,0x00000000d6200000,0x00000000d6500000)
 ParOldGen       total 460800K, used 460478K [0x0000000080000000, 0x000000009c200000, 0x00000000d5580000)
  object space 460800K, 99% used [0x0000000080000000,0x000000009c1af8c0,0x000000009c200000)
 Metaspace       used 77659K, committed 80000K, reserved 1179648K
  class space    used 9054K, committed 10048K, reserved 1048576K
}
Event: 3365.262 GC heap before
{Heap before GC invocations=1741 (full 6):
 PSYoungGen      total 12800K, used 12638K [0x00000000d5580000, 0x00000000d6800000, 0x0000000100000000)
  eden space 10240K, 100% used [0x00000000d5580000,0x00000000d5f80000,0x00000000d5f80000)
  from space 2560K, 93% used [0x00000000d6580000,0x00000000d67d7a50,0x00000000d6800000)
  to   space 3072K, 0% used [0x00000000d6200000,0x00000000d6200000,0x00000000d6500000)
 ParOldGen       total 460800K, used 460478K [0x0000000080000000, 0x000000009c200000, 0x00000000d5580000)
  object space 460800K, 99% used [0x0000000080000000,0x000000009c1af8c0,0x000000009c200000)
 Metaspace       used 77659K, committed 80000K, reserved 1179648K
  class space    used 9054K, committed 10048K, reserved 1048576K
}
Event: 3365.269 GC heap after
{Heap after GC invocations=1741 (full 6):
 PSYoungGen      total 13312K, used 3071K [0x00000000d5580000, 0x00000000d7080000, 0x0000000100000000)
  eden space 10240K, 0% used [0x00000000d5580000,0x00000000d5580000,0x00000000d5f80000)
  from space 3072K, 99% used [0x00000000d6200000,0x00000000d64ffd28,0x00000000d6500000)
  to   space 8704K, 0% used [0x00000000d6800000,0x00000000d6800000,0x00000000d7080000)
 ParOldGen       total 465408K, used 465040K [0x0000000080000000, 0x000000009c680000, 0x00000000d5580000)
  object space 465408K, 99% used [0x0000000080000000,0x000000009c624048,0x000000009c680000)
 Metaspace       used 77659K, committed 80000K, reserved 1179648K
  class space    used 9054K, committed 10048K, reserved 1048576K
}

