# JRE version: Java(TM) SE Runtime Environment (17.0.14+8) (build 17.0.14+8-LTS-191)
# Java VM: Java HotSpot(TM) 64-Bit Server VM (17.0.14+8-LTS-191, mixed mode, sharing, tiered, compressed oops, compressed class ptrs, g1 gc, windows-amd64)
GC Precious Log:
 CPUs: 4 total, 4 available
 Memory: 12168M
 Large Page Support: Disabled
 NUMA Support: Disabled
 Compressed Oops: Enabled (Zero based)
 Heap Region Size: 4M
 Heap Min Capacity: 8M
 Heap Initial Capacity: 192M
 Heap Max Capacity: 8G
 Pre-touch: Disabled
 Parallel Workers: 4
 Concurrent Workers: 1
 Concurrent Refinement Workers: 4
 Periodic GC: Disabled
Heap:
 garbage-first heap   total 724992K, used 577053K [0x0000000600000000, 0x0000000800000000)
  region size 4096K, 89 young (364544K), 10 survivors (40960K)
 Metaspace       used 110217K, committed 111936K, reserved 1179648K
  class space    used 15299K, committed 16064K, reserved 1048576K
GC Heap History (20 events):
Event: 53.084 GC heap after
{Heap after GC invocations=44 (full 0):
 garbage-first heap   total 266240K, used 137280K [0x0000000600000000, 0x0000000800000000)
  region size 4096K, 1 young (4096K), 1 survivors (4096K)
 Metaspace       used 91245K, committed 92352K, reserved 1179648K
  class space    used 12573K, committed 13120K, reserved 1048576K
}
Event: 53.851 GC heap before
{Heap before GC invocations=44 (full 0):
 garbage-first heap   total 266240K, used 211008K [0x0000000600000000, 0x0000000800000000)
  region size 4096K, 19 young (77824K), 1 survivors (4096K)
 Metaspace       used 91954K, committed 93056K, reserved 1179648K
  class space    used 12669K, committed 13248K, reserved 1048576K
}
Event: 53.859 GC heap after
{Heap after GC invocations=45 (full 0):
 garbage-first heap   total 266240K, used 152871K [0x0000000600000000, 0x0000000800000000)
  region size 4096K, 3 young (12288K), 3 survivors (12288K)
 Metaspace       used 91954K, committed 93056K, reserved 1179648K
  class space    used 12669K, committed 13248K, reserved 1048576K
}
Event: 54.610 GC heap before
{Heap before GC invocations=46 (full 0):
 garbage-first heap   total 294912K, used 206119K [0x0000000600000000, 0x0000000800000000)
  region size 4096K, 16 young (65536K), 3 survivors (12288K)
 Metaspace       used 92783K, committed 93824K, reserved 1179648K
  class space    used 12782K, committed 13312K, reserved 1048576K
}
Event: 54.621 GC heap after
{Heap after GC invocations=47 (full 0):
 garbage-first heap   total 294912K, used 155968K [0x0000000600000000, 0x0000000800000000)
  region size 4096K, 1 young (4096K), 1 survivors (4096K)
 Metaspace       used 92783K, committed 93824K, reserved 1179648K
  class space    used 12782K, committed 13312K, reserved 1048576K
}
Event: 54.753 GC heap before
{Heap before GC invocations=47 (full 0):
 garbage-first heap   total 294912K, used 164160K [0x0000000600000000, 0x0000000800000000)
  region size 4096K, 3 young (12288K), 1 survivors (4096K)
 Metaspace       used 93482K, committed 94592K, reserved 1179648K
  class space    used 12864K, committed 13440K, reserved 1048576K
}
Event: 54.763 GC heap after
{Heap after GC invocations=48 (full 0):
 garbage-first heap   total 589824K, used 155245K [0x0000000600000000, 0x0000000800000000)
  region size 4096K, 1 young (4096K), 1 survivors (4096K)
 Metaspace       used 93482K, committed 94592K, reserved 1179648K
  class space    used 12864K, committed 13440K, reserved 1048576K
}
Event: 59.545 GC heap before
{Heap before GC invocations=48 (full 0):
 garbage-first heap   total 589824K, used 470637K [0x0000000600000000, 0x0000000800000000)
  region size 4096K, 78 young (319488K), 1 survivors (4096K)
 Metaspace       used 104899K, committed 106176K, reserved 1179648K
  class space    used 14565K, committed 15168K, reserved 1048576K
}
Event: 59.567 GC heap after
{Heap after GC invocations=49 (full 0):
 garbage-first heap   total 589824K, used 169818K [0x0000000600000000, 0x0000000800000000)
  region size 4096K, 4 young (16384K), 4 survivors (16384K)
 Metaspace       used 104899K, committed 106176K, reserved 1179648K
  class space    used 14565K, committed 15168K, reserved 1048576K
}
Event: 63.269 GC heap before
{Heap before GC invocations=49 (full 0):
 garbage-first heap   total 589824K, used 460634K [0x0000000600000000, 0x0000000800000000)
  region size 4096K, 75 young (307200K), 4 survivors (16384K)
 Metaspace       used 107222K, committed 108608K, reserved 1179648K
  class space    used 14904K, committed 15552K, reserved 1048576K
}
Event: 63.316 GC heap after
{Heap after GC invocations=50 (full 0):
 garbage-first heap   total 589824K, used 195395K [0x0000000600000000, 0x0000000800000000)
  region size 4096K, 10 young (40960K), 10 survivors (40960K)
 Metaspace       used 107222K, committed 108608K, reserved 1179648K
  class space    used 14904K, committed 15552K, reserved 1048576K
}
Event: 66.307 GC heap before
{Heap before GC invocations=50 (full 0):
 garbage-first heap   total 589824K, used 453443K [0x0000000600000000, 0x0000000800000000)
  region size 4096K, 74 young (303104K), 10 survivors (40960K)
 Metaspace       used 107856K, committed 109312K, reserved 1179648K
  class space    used 14983K, committed 15680K, reserved 1048576K
}
Event: 66.357 GC heap after
{Heap after GC invocations=51 (full 0):
 garbage-first heap   total 589824K, used 208678K [0x0000000600000000, 0x0000000800000000)
  region size 4096K, 4 young (16384K), 4 survivors (16384K)
 Metaspace       used 107856K, committed 109312K, reserved 1179648K
  class space    used 14983K, committed 15680K, reserved 1048576K
}
Event: 68.674 GC heap before
{Heap before GC invocations=51 (full 0):
 garbage-first heap   total 589824K, used 462630K [0x0000000600000000, 0x0000000800000000)
  region size 4096K, 67 young (274432K), 4 survivors (16384K)
 Metaspace       used 108226K, committed 109696K, reserved 1179648K
  class space    used 15033K, committed 15744K, reserved 1048576K
}
Event: 68.703 GC heap after
{Heap after GC invocations=52 (full 0):
 garbage-first heap   total 589824K, used 221858K [0x0000000600000000, 0x0000000800000000)
  region size 4096K, 8 young (32768K), 8 survivors (32768K)
 Metaspace       used 108226K, committed 109696K, reserved 1179648K
  class space    used 15033K, committed 15744K, reserved 1048576K
}
Event: 71.092 GC heap before
{Heap before GC invocations=52 (full 0):
 garbage-first heap   total 589824K, used 463522K [0x0000000600000000, 0x0000000800000000)
  region size 4096K, 68 young (278528K), 8 survivors (32768K)
 Metaspace       used 108558K, committed 110080K, reserved 1179648K
  class space    used 15075K, committed 15744K, reserved 1048576K
}
Event: 71.130 GC heap after
{Heap after GC invocations=53 (full 0):
 garbage-first heap   total 724992K, used 230785K [0x0000000600000000, 0x0000000800000000)
  region size 4096K, 7 young (28672K), 7 survivors (28672K)
 Metaspace       used 108558K, committed 110080K, reserved 1179648K
  class space    used 15075K, committed 15744K, reserved 1048576K
}
Event: 74.156 GC heap before
{Heap before GC invocations=53 (full 0):
 garbage-first heap   total 724992K, used 591233K [0x0000000600000000, 0x0000000800000000)
  region size 4096K, 94 young (385024K), 7 survivors (28672K)
 Metaspace       used 109406K, committed 111040K, reserved 1179648K
  class space    used 15186K, committed 15936K, reserved 1048576K
}
Event: 74.199 GC heap after
{Heap after GC invocations=54 (full 0):
 garbage-first heap   total 724992K, used 253469K [0x0000000600000000, 0x0000000800000000)
  region size 4096K, 11 young (45056K), 11 survivors (45056K)
 Metaspace       used 109406K, committed 111040K, reserved 1179648K
  class space    used 15186K, committed 15936K, reserved 1048576K
}
Event: 77.156 GC heap before
{Heap before GC invocations=54 (full 0):
 garbage-first heap   total 724992K, used 572957K [0x0000000600000000, 0x0000000800000000)
  region size 4096K, 90 young (368640K), 11 survivors (45056K)
 Metaspace       used 110217K, committed 111936K, reserved 1179648K
  class space    used 15299K, committed 16064K, reserved 1048576K
}

