# JRE version: Java(TM) SE Runtime Environment (17.0.14+8) (build 17.0.14+8-LTS-191)
# Java VM: Java HotSpot(TM) 64-Bit Server VM (17.0.14+8-LTS-191, mixed mode, sharing, tiered, compressed oops, compressed class ptrs, g1 gc, windows-amd64)
GC Precious Log:
 CPUs: 4 total, 4 available
 Memory: 12168M
 Large Page Support: Disabled
 NUMA Support: Disabled
 Compressed Oops: Enabled (Zero based)
 Heap Region Size: 4M
 Heap Min Capacity: 8M
 Heap Initial Capacity: 192M
 Heap Max Capacity: 8G
 Pre-touch: Disabled
 Parallel Workers: 4
 Concurrent Workers: 1
 Concurrent Refinement Workers: 4
 Periodic GC: Disabled
Heap:
 garbage-first heap   total 389120K, used 313954K [0x0000000600000000, 0x0000000800000000)
  region size 4096K, 34 young (139264K), 4 survivors (16384K)
 Metaspace       used 107315K, committed 108672K, reserved 1179648K
  class space    used 14949K, committed 15616K, reserved 1048576K
GC Heap History (20 events):
Event: 159.078 GC heap after
{Heap after GC invocations=58 (full 0):
 garbage-first heap   total 245760K, used 158439K [0x0000000600000000, 0x0000000800000000)
  region size 4096K, 2 young (8192K), 2 survivors (8192K)
 Metaspace       used 92536K, committed 93632K, reserved 1179648K
  class space    used 12741K, committed 13312K, reserved 1048576K
}
Event: 160.132 GC heap before
{Heap before GC invocations=58 (full 0):
 garbage-first heap   total 245760K, used 199399K [0x0000000600000000, 0x0000000800000000)
  region size 4096K, 12 young (49152K), 2 survivors (8192K)
 Metaspace       used 93641K, committed 94784K, reserved 1179648K
  class space    used 12877K, committed 13440K, reserved 1048576K
}
Event: 160.142 GC heap after
{Heap after GC invocations=59 (full 0):
 garbage-first heap   total 245760K, used 162429K [0x0000000600000000, 0x0000000800000000)
  region size 4096K, 1 young (4096K), 1 survivors (4096K)
 Metaspace       used 93641K, committed 94784K, reserved 1179648K
  class space    used 12877K, committed 13440K, reserved 1048576K
}
Event: 161.050 GC heap before
{Heap before GC invocations=60 (full 0):
 garbage-first heap   total 294912K, used 195197K [0x0000000600000000, 0x0000000800000000)
  region size 4096K, 9 young (36864K), 1 survivors (4096K)
 Metaspace       used 95723K, committed 96832K, reserved 1179648K
  class space    used 13186K, committed 13760K, reserved 1048576K
}
Event: 161.058 GC heap after
{Heap after GC invocations=61 (full 0):
 garbage-first heap   total 294912K, used 163648K [0x0000000600000000, 0x0000000800000000)
  region size 4096K, 2 young (8192K), 2 survivors (8192K)
 Metaspace       used 95723K, committed 96832K, reserved 1179648K
  class space    used 13186K, committed 13760K, reserved 1048576K
}
Event: 161.213 GC heap before
{Heap before GC invocations=61 (full 0):
 garbage-first heap   total 294912K, used 167744K [0x0000000600000000, 0x0000000800000000)
  region size 4096K, 3 young (12288K), 2 survivors (8192K)
 Metaspace       used 96003K, committed 97088K, reserved 1179648K
  class space    used 13215K, committed 13760K, reserved 1048576K
}
Event: 161.228 GC heap after
{Heap after GC invocations=62 (full 0):
 garbage-first heap   total 294912K, used 159365K [0x0000000600000000, 0x0000000800000000)
  region size 4096K, 1 young (4096K), 1 survivors (4096K)
 Metaspace       used 96003K, committed 97088K, reserved 1179648K
  class space    used 13215K, committed 13760K, reserved 1048576K
}
Event: 164.051 GC heap before
{Heap before GC invocations=62 (full 0):
 garbage-first heap   total 294912K, used 237189K [0x0000000600000000, 0x0000000800000000)
  region size 4096K, 20 young (81920K), 1 survivors (4096K)
 Metaspace       used 101287K, committed 102400K, reserved 1179648K
  class space    used 14075K, committed 14656K, reserved 1048576K
}
Event: 164.061 GC heap after
{Heap after GC invocations=63 (full 0):
 garbage-first heap   total 294912K, used 160930K [0x0000000600000000, 0x0000000800000000)
  region size 4096K, 1 young (4096K), 1 survivors (4096K)
 Metaspace       used 101287K, committed 102400K, reserved 1179648K
  class space    used 14075K, committed 14656K, reserved 1048576K
}
Event: 166.384 GC heap before
{Heap before GC invocations=63 (full 0):
 garbage-first heap   total 294912K, used 238754K [0x0000000600000000, 0x0000000800000000)
  region size 4096K, 20 young (81920K), 1 survivors (4096K)
 Metaspace       used 104178K, committed 105344K, reserved 1179648K
  class space    used 14487K, committed 15040K, reserved 1048576K
}
Event: 166.399 GC heap after
{Heap after GC invocations=64 (full 0):
 garbage-first heap   total 294912K, used 166753K [0x0000000600000000, 0x0000000800000000)
  region size 4096K, 3 young (12288K), 3 survivors (12288K)
 Metaspace       used 104178K, committed 105344K, reserved 1179648K
  class space    used 14487K, committed 15040K, reserved 1048576K
}
Event: 170.232 GC heap before
{Heap before GC invocations=64 (full 0):
 garbage-first heap   total 294912K, used 240481K [0x0000000600000000, 0x0000000800000000)
  region size 4096K, 21 young (86016K), 3 survivors (12288K)
 Metaspace       used 105212K, committed 106432K, reserved 1179648K
  class space    used 14625K, committed 15232K, reserved 1048576K
}
Event: 170.257 GC heap after
{Heap after GC invocations=65 (full 0):
 garbage-first heap   total 294912K, used 173178K [0x0000000600000000, 0x0000000800000000)
  region size 4096K, 3 young (12288K), 3 survivors (12288K)
 Metaspace       used 105212K, committed 106432K, reserved 1179648K
  class space    used 14625K, committed 15232K, reserved 1048576K
}
Event: 171.356 GC heap before
{Heap before GC invocations=65 (full 0):
 garbage-first heap   total 294912K, used 238714K [0x0000000600000000, 0x0000000800000000)
  region size 4096K, 19 young (77824K), 3 survivors (12288K)
 Metaspace       used 105212K, committed 106432K, reserved 1179648K
  class space    used 14625K, committed 15232K, reserved 1048576K
}
Event: 171.375 GC heap after
{Heap after GC invocations=66 (full 0):
 garbage-first heap   total 294912K, used 174942K [0x0000000600000000, 0x0000000800000000)
  region size 4096K, 1 young (4096K), 1 survivors (4096K)
 Metaspace       used 105212K, committed 106432K, reserved 1179648K
  class space    used 14625K, committed 15232K, reserved 1048576K
}
Event: 173.848 GC heap before
{Heap before GC invocations=66 (full 0):
 garbage-first heap   total 294912K, used 240478K [0x0000000600000000, 0x0000000800000000)
  region size 4096K, 18 young (73728K), 1 survivors (4096K)
 Metaspace       used 106637K, committed 107840K, reserved 1179648K
  class space    used 14857K, committed 15424K, reserved 1048576K
}
Event: 173.863 GC heap after
{Heap after GC invocations=67 (full 0):
 garbage-first heap   total 389120K, used 186232K [0x0000000600000000, 0x0000000800000000)
  region size 4096K, 3 young (12288K), 3 survivors (12288K)
 Metaspace       used 106637K, committed 107840K, reserved 1179648K
  class space    used 14857K, committed 15424K, reserved 1048576K
}
Event: 176.418 GC heap before
{Heap before GC invocations=67 (full 0):
 garbage-first heap   total 389120K, used 313208K [0x0000000600000000, 0x0000000800000000)
  region size 4096K, 34 young (139264K), 3 survivors (12288K)
 Metaspace       used 106641K, committed 107904K, reserved 1179648K
  class space    used 14858K, committed 15424K, reserved 1048576K
}
Event: 176.433 GC heap after
{Heap after GC invocations=68 (full 0):
 garbage-first heap   total 389120K, used 191074K [0x0000000600000000, 0x0000000800000000)
  region size 4096K, 2 young (8192K), 2 survivors (8192K)
 Metaspace       used 106641K, committed 107904K, reserved 1179648K
  class space    used 14858K, committed 15424K, reserved 1048576K
}
Event: 180.154 GC heap before
{Heap before GC invocations=68 (full 0):
 garbage-first heap   total 389120K, used 309858K [0x0000000600000000, 0x0000000800000000)
  region size 4096K, 32 young (131072K), 2 survivors (8192K)
 Metaspace       used 107315K, committed 108672K, reserved 1179648K
  class space    used 14949K, committed 15616K, reserved 1048576K
}

