# JRE version: Java(TM) SE Runtime Environment (17.0.14+8) (build 17.0.14+8-LTS-191)
# Java VM: Java HotSpot(TM) 64-Bit Server VM (17.0.14+8-LTS-191, mixed mode, sharing, tiered, compressed oops, compressed class ptrs, g1 gc, windows-amd64)
GC Precious Log:
 CPUs: 4 total, 4 available
 Memory: 12168M
 Large Page Support: Disabled
 NUMA Support: Disabled
 Compressed Oops: Enabled (Zero based)
 Heap Region Size: 4M
 Heap Min Capacity: 8M
 Heap Initial Capacity: 192M
 Heap Max Capacity: 8G
 Pre-touch: Disabled
 Parallel Workers: 4
 Concurrent Workers: 1
 Concurrent Refinement Workers: 4
 Periodic GC: Disabled
Heap:
 garbage-first heap   total 610304K, used 333470K [0x0000000600000000, 0x0000000800000000)
  region size 4096K, 43 young (176128K), 7 survivors (28672K)
 Metaspace       used 121978K, committed 123264K, reserved 1179648K
  class space    used 16512K, committed 17152K, reserved 1048576K
GC Heap History (20 events):
Event: 85.275 GC heap before
{Heap before GC invocations=42 (full 0):
 garbage-first heap   total 258048K, used 201916K [0x0000000600000000, 0x0000000800000000)
  region size 4096K, 19 young (77824K), 2 survivors (8192K)
 Metaspace       used 91209K, committed 92224K, reserved 1179648K
  class space    used 12581K, committed 13120K, reserved 1048576K
}
Event: 85.290 GC heap after
{Heap after GC invocations=43 (full 0):
 garbage-first heap   total 258048K, used 137376K [0x0000000600000000, 0x0000000800000000)
  region size 4096K, 3 young (12288K), 3 survivors (12288K)
 Metaspace       used 91209K, committed 92224K, reserved 1179648K
  class space    used 12581K, committed 13120K, reserved 1048576K
}
Event: 86.197 GC heap before
{Heap before GC invocations=43 (full 0):
 garbage-first heap   total 258048K, used 202912K [0x0000000600000000, 0x0000000800000000)
  region size 4096K, 19 young (77824K), 3 survivors (12288K)
 Metaspace       used 91211K, committed 92224K, reserved 1179648K
  class space    used 12582K, committed 13120K, reserved 1048576K
}
Event: 86.211 GC heap after
{Heap after GC invocations=44 (full 0):
 garbage-first heap   total 258048K, used 138978K [0x0000000600000000, 0x0000000800000000)
  region size 4096K, 2 young (8192K), 2 survivors (8192K)
 Metaspace       used 91211K, committed 92224K, reserved 1179648K
  class space    used 12582K, committed 13120K, reserved 1048576K
}
Event: 87.345 GC heap before
{Heap before GC invocations=45 (full 0):
 garbage-first heap   total 286720K, used 204514K [0x0000000600000000, 0x0000000800000000)
  region size 4096K, 18 young (73728K), 2 survivors (8192K)
 Metaspace       used 92085K, committed 93184K, reserved 1179648K
  class space    used 12704K, committed 13248K, reserved 1048576K
}
Event: 87.362 GC heap after
{Heap after GC invocations=46 (full 0):
 garbage-first heap   total 286720K, used 154532K [0x0000000600000000, 0x0000000800000000)
  region size 4096K, 3 young (12288K), 3 survivors (12288K)
 Metaspace       used 92085K, committed 93184K, reserved 1179648K
  class space    used 12704K, committed 13248K, reserved 1048576K
}
Event: 87.411 GC heap before
{Heap before GC invocations=46 (full 0):
 garbage-first heap   total 286720K, used 158628K [0x0000000600000000, 0x0000000800000000)
  region size 4096K, 4 young (16384K), 3 survivors (12288K)
 Metaspace       used 92094K, committed 93184K, reserved 1179648K
  class space    used 12704K, committed 13248K, reserved 1048576K
}
Event: 87.424 GC heap after
{Heap after GC invocations=47 (full 0):
 garbage-first heap   total 286720K, used 155804K [0x0000000600000000, 0x0000000800000000)
  region size 4096K, 1 young (4096K), 1 survivors (4096K)
 Metaspace       used 92094K, committed 93184K, reserved 1179648K
  class space    used 12704K, committed 13248K, reserved 1048576K
}
Event: 88.584 GC heap before
{Heap before GC invocations=47 (full 0):
 garbage-first heap   total 286720K, used 225436K [0x0000000600000000, 0x0000000800000000)
  region size 4096K, 18 young (73728K), 1 survivors (4096K)
 Metaspace       used 95450K, committed 96512K, reserved 1179648K
  class space    used 13153K, committed 13696K, reserved 1048576K
}
Event: 88.591 GC heap after
{Heap after GC invocations=48 (full 0):
 garbage-first heap   total 286720K, used 157945K [0x0000000600000000, 0x0000000800000000)
  region size 4096K, 2 young (8192K), 2 survivors (8192K)
 Metaspace       used 95450K, committed 96512K, reserved 1179648K
  class space    used 13153K, committed 13696K, reserved 1048576K
}
Event: 90.037 GC heap before
{Heap before GC invocations=49 (full 0):
 garbage-first heap   total 294912K, used 223481K [0x0000000600000000, 0x0000000800000000)
  region size 4096K, 18 young (73728K), 2 survivors (8192K)
 Metaspace       used 100111K, committed 101184K, reserved 1179648K
  class space    used 13963K, committed 14464K, reserved 1048576K
}
Event: 90.046 GC heap after
{Heap after GC invocations=50 (full 0):
 garbage-first heap   total 294912K, used 159956K [0x0000000600000000, 0x0000000800000000)
  region size 4096K, 2 young (8192K), 2 survivors (8192K)
 Metaspace       used 100111K, committed 101184K, reserved 1179648K
  class space    used 13963K, committed 14464K, reserved 1048576K
}
Event: 90.131 GC heap before
{Heap before GC invocations=50 (full 0):
 garbage-first heap   total 294912K, used 159956K [0x0000000600000000, 0x0000000800000000)
  region size 4096K, 3 young (12288K), 2 survivors (8192K)
 Metaspace       used 100439K, committed 101504K, reserved 1179648K
  class space    used 13994K, committed 14528K, reserved 1048576K
}
Event: 90.143 GC heap after
{Heap after GC invocations=51 (full 0):
 garbage-first heap   total 294912K, used 158199K [0x0000000600000000, 0x0000000800000000)
  region size 4096K, 1 young (4096K), 1 survivors (4096K)
 Metaspace       used 100439K, committed 101504K, reserved 1179648K
  class space    used 13994K, committed 14528K, reserved 1048576K
}
Event: 91.625 GC heap before
{Heap before GC invocations=51 (full 0):
 garbage-first heap   total 294912K, used 236023K [0x0000000600000000, 0x0000000800000000)
  region size 4096K, 20 young (81920K), 1 survivors (4096K)
 Metaspace       used 103508K, committed 104640K, reserved 1179648K
  class space    used 14402K, committed 14912K, reserved 1048576K
}
Event: 91.637 GC heap after
{Heap after GC invocations=52 (full 0):
 garbage-first heap   total 610304K, used 163062K [0x0000000600000000, 0x0000000800000000)
  region size 4096K, 2 young (8192K), 2 survivors (8192K)
 Metaspace       used 103508K, committed 104640K, reserved 1179648K
  class space    used 14402K, committed 14912K, reserved 1048576K
}
Event: 98.527 GC heap before
{Heap before GC invocations=52 (full 0):
 garbage-first heap   total 610304K, used 478454K [0x0000000600000000, 0x0000000800000000)
  region size 4096K, 80 young (327680K), 2 survivors (8192K)
 Metaspace       used 120774K, committed 121984K, reserved 1179648K
  class space    used 16429K, committed 17024K, reserved 1048576K
}
Event: 98.558 GC heap after
{Heap after GC invocations=53 (full 0):
 garbage-first heap   total 610304K, used 182661K [0x0000000600000000, 0x0000000800000000)
  region size 4096K, 7 young (28672K), 7 survivors (28672K)
 Metaspace       used 120774K, committed 121984K, reserved 1179648K
  class space    used 16429K, committed 17024K, reserved 1048576K
}
Event: 104.373 GC heap before
{Heap before GC invocations=53 (full 0):
 garbage-first heap   total 610304K, used 461189K [0x0000000600000000, 0x0000000800000000)
  region size 4096K, 76 young (311296K), 7 survivors (28672K)
 Metaspace       used 121696K, committed 123008K, reserved 1179648K
  class space    used 16497K, committed 17152K, reserved 1048576K
}
Event: 104.417 GC heap after
{Heap after GC invocations=54 (full 0):
 garbage-first heap   total 610304K, used 190110K [0x0000000600000000, 0x0000000800000000)
  region size 4096K, 7 young (28672K), 7 survivors (28672K)
 Metaspace       used 121696K, committed 123008K, reserved 1179648K
  class space    used 16497K, committed 17152K, reserved 1048576K
}

