# JRE version: OpenJDK Runtime Environment Temurin-21.0.6+7 (21.0.6+7) (build 21.0.6+7-LTS)
# Java VM: OpenJDK 64-Bit Server VM Temurin-21.0.6+7 (21.0.6+7-LTS, mixed mode, sharing, tiered, compressed oops, compressed class ptrs, parallel gc, windows-amd64)
GC Precious Log:
 CardTable entry size: 512
 CPUs: 4 total, 4 available
 Memory: 12168M
 Large Page Support: Disabled
 NUMA Support: Disabled
 Compressed Oops: Enabled (32-bit)
 Alignments: Space 512K, Generation 512K, Heap 2M
 Heap Min Capacity: 100M
 Heap Initial Capacity: 100M
 Heap Max Capacity: 2G
 Pre-touch: Disabled
 Parallel Workers: 4
Heap:
 PSYoungGen      total 7680K, used 7328K [0x00000000d5580000, 0x00000000d6000000, 0x0000000100000000)
  eden space 7168K, 100% used [0x00000000d5580000,0x00000000d5c80000,0x00000000d5c80000)
  from space 512K, 31% used [0x00000000d5f80000,0x00000000d5fa8000,0x00000000d6000000)
  to   space 1024K, 99% used [0x00000000d5e00000,0x00000000d5efe990,0x00000000d5f00000)
 ParOldGen       total 1097728K, used 1097483K [0x0000000080000000, 0x00000000c3000000, 0x00000000d5580000)
  object space 1097728K, 99% used [0x0000000080000000,0x00000000c2fc2c58,0x00000000c3000000)
 Metaspace       used 76083K, committed 77632K, reserved 1179648K
  class space    used 9006K, committed 9664K, reserved 1048576K
GC Heap History (20 events):
Event: 2037.957 GC heap after
{Heap after GC invocations=2578 (full 3):
 PSYoungGen      total 4608K, used 896K [0x00000000d5580000, 0x00000000d5b00000, 0x0000000100000000)
  eden space 3072K, 0% used [0x00000000d5580000,0x00000000d5580000,0x00000000d5880000)
  from space 1536K, 58% used [0x00000000d5880000,0x00000000d5960000,0x00000000d5a00000)
  to   space 1024K, 0% used [0x00000000d5a00000,0x00000000d5a00000,0x00000000d5b00000)
 ParOldGen       total 484352K, used 484194K [0x0000000080000000, 0x000000009d900000, 0x00000000d5580000)
  object space 484352K, 99% used [0x0000000080000000,0x000000009d8d8a68,0x000000009d900000)
 Metaspace       used 75910K, committed 77504K, reserved 1179648K
  class space    used 8992K, committed 9664K, reserved 1048576K
}
Event: 2037.961 GC heap before
{Heap before GC invocations=2579 (full 3):
 PSYoungGen      total 4608K, used 3968K [0x00000000d5580000, 0x00000000d5b00000, 0x0000000100000000)
  eden space 3072K, 100% used [0x00000000d5580000,0x00000000d5880000,0x00000000d5880000)
  from space 1536K, 58% used [0x00000000d5880000,0x00000000d5960000,0x00000000d5a00000)
  to   space 1024K, 0% used [0x00000000d5a00000,0x00000000d5a00000,0x00000000d5b00000)
 ParOldGen       total 484352K, used 484194K [0x0000000080000000, 0x000000009d900000, 0x00000000d5580000)
  object space 484352K, 99% used [0x0000000080000000,0x000000009d8d8a68,0x000000009d900000)
 Metaspace       used 75910K, committed 77504K, reserved 1179648K
  class space    used 8992K, committed 9664K, reserved 1048576K
}
Event: 2037.964 GC heap after
{Heap after GC invocations=2579 (full 3):
 PSYoungGen      total 3584K, used 1024K [0x00000000d5580000, 0x00000000d5d80000, 0x0000000100000000)
  eden space 2560K, 0% used [0x00000000d5580000,0x00000000d5580000,0x00000000d5800000)
  from space 1024K, 100% used [0x00000000d5a00000,0x00000000d5b00000,0x00000000d5b00000)
  to   space 2048K, 0% used [0x00000000d5800000,0x00000000d5800000,0x00000000d5a00000)
 ParOldGen       total 485376K, used 485042K [0x0000000080000000, 0x000000009da00000, 0x00000000d5580000)
  object space 485376K, 99% used [0x0000000080000000,0x000000009d9aca68,0x000000009da00000)
 Metaspace       used 75910K, committed 77504K, reserved 1179648K
  class space    used 8992K, committed 9664K, reserved 1048576K
}
Event: 2037.973 GC heap before
{Heap before GC invocations=2580 (full 3):
 PSYoungGen      total 3584K, used 3584K [0x00000000d5580000, 0x00000000d5d80000, 0x0000000100000000)
  eden space 2560K, 100% used [0x00000000d5580000,0x00000000d5800000,0x00000000d5800000)
  from space 1024K, 100% used [0x00000000d5a00000,0x00000000d5b00000,0x00000000d5b00000)
  to   space 2048K, 0% used [0x00000000d5800000,0x00000000d5800000,0x00000000d5a00000)
 ParOldGen       total 485376K, used 485042K [0x0000000080000000, 0x000000009da00000, 0x00000000d5580000)
  object space 485376K, 99% used [0x0000000080000000,0x000000009d9aca68,0x000000009da00000)
 Metaspace       used 75912K, committed 77504K, reserved 1179648K
  class space    used 8992K, committed 9664K, reserved 1048576K
}
Event: 2037.976 GC heap after
{Heap after GC invocations=2580 (full 3):
 PSYoungGen      total 3072K, used 507K [0x00000000d5580000, 0x00000000d5a80000, 0x0000000100000000)
  eden space 2560K, 0% used [0x00000000d5580000,0x00000000d5580000,0x00000000d5800000)
  from space 512K, 99% used [0x00000000d5800000,0x00000000d587ec20,0x00000000d5880000)
  to   space 1024K, 0% used [0x00000000d5980000,0x00000000d5980000,0x00000000d5a80000)
 ParOldGen       total 486400K, used 486074K [0x0000000080000000, 0x000000009db00000, 0x00000000d5580000)
  object space 486400K, 99% used [0x0000000080000000,0x000000009daaea68,0x000000009db00000)
 Metaspace       used 75912K, committed 77504K, reserved 1179648K
  class space    used 8992K, committed 9664K, reserved 1048576K
}
Event: 2037.983 GC heap before
{Heap before GC invocations=2581 (full 3):
 PSYoungGen      total 3072K, used 3067K [0x00000000d5580000, 0x00000000d5a80000, 0x0000000100000000)
  eden space 2560K, 100% used [0x00000000d5580000,0x00000000d5800000,0x00000000d5800000)
  from space 512K, 99% used [0x00000000d5800000,0x00000000d587ec20,0x00000000d5880000)
  to   space 1024K, 0% used [0x00000000d5980000,0x00000000d5980000,0x00000000d5a80000)
 ParOldGen       total 486400K, used 486074K [0x0000000080000000, 0x000000009db00000, 0x00000000d5580000)
  object space 486400K, 99% used [0x0000000080000000,0x000000009daaea68,0x000000009db00000)
 Metaspace       used 75912K, committed 77504K, reserved 1179648K
  class space    used 8992K, committed 9664K, reserved 1048576K
}
Event: 2037.986 GC heap after
{Heap after GC invocations=2581 (full 3):
 PSYoungGen      total 3584K, used 96K [0x00000000d5580000, 0x00000000d5a00000, 0x0000000100000000)
  eden space 3072K, 0% used [0x00000000d5580000,0x00000000d5580000,0x00000000d5880000)
  from space 512K, 18% used [0x00000000d5980000,0x00000000d5998000,0x00000000d5a00000)
  to   space 512K, 0% used [0x00000000d5900000,0x00000000d5900000,0x00000000d5980000)
 ParOldGen       total 486912K, used 486549K [0x0000000080000000, 0x000000009db80000, 0x00000000d5580000)
  object space 486912K, 99% used [0x0000000080000000,0x000000009db25688,0x000000009db80000)
 Metaspace       used 75912K, committed 77504K, reserved 1179648K
  class space    used 8992K, committed 9664K, reserved 1048576K
}
Event: 2038.255 GC heap before
{Heap before GC invocations=2582 (full 3):
 PSYoungGen      total 3584K, used 3168K [0x00000000d5580000, 0x00000000d5a00000, 0x0000000100000000)
  eden space 3072K, 100% used [0x00000000d5580000,0x00000000d5880000,0x00000000d5880000)
  from space 512K, 18% used [0x00000000d5980000,0x00000000d5998000,0x00000000d5a00000)
  to   space 512K, 0% used [0x00000000d5900000,0x00000000d5900000,0x00000000d5980000)
 ParOldGen       total 486912K, used 486549K [0x0000000080000000, 0x000000009db80000, 0x00000000d5580000)
  object space 486912K, 99% used [0x0000000080000000,0x000000009db25688,0x000000009db80000)
 Metaspace       used 75927K, committed 77504K, reserved 1179648K
  class space    used 8994K, committed 9664K, reserved 1048576K
}
Event: 2038.257 GC heap after
{Heap after GC invocations=2582 (full 3):
 PSYoungGen      total 4096K, used 446K [0x00000000d5580000, 0x00000000d5b80000, 0x0000000100000000)
  eden space 3584K, 0% used [0x00000000d5580000,0x00000000d5580000,0x00000000d5900000)
  from space 512K, 87% used [0x00000000d5900000,0x00000000d596fa50,0x00000000d5980000)
  to   space 1024K, 0% used [0x00000000d5a80000,0x00000000d5a80000,0x00000000d5b80000)
 ParOldGen       total 486912K, used 486581K [0x0000000080000000, 0x000000009db80000, 0x00000000d5580000)
  object space 486912K, 99% used [0x0000000080000000,0x000000009db2d688,0x000000009db80000)
 Metaspace       used 75927K, committed 77504K, reserved 1179648K
  class space    used 8994K, committed 9664K, reserved 1048576K
}
Event: 2038.269 GC heap before
{Heap before GC invocations=2583 (full 3):
 PSYoungGen      total 4096K, used 4030K [0x00000000d5580000, 0x00000000d5b80000, 0x0000000100000000)
  eden space 3584K, 100% used [0x00000000d5580000,0x00000000d5900000,0x00000000d5900000)
  from space 512K, 87% used [0x00000000d5900000,0x00000000d596fa50,0x00000000d5980000)
  to   space 1024K, 0% used [0x00000000d5a80000,0x00000000d5a80000,0x00000000d5b80000)
 ParOldGen       total 486912K, used 486581K [0x0000000080000000, 0x000000009db80000, 0x00000000d5580000)
  object space 486912K, 99% used [0x0000000080000000,0x000000009db2d688,0x000000009db80000)
 Metaspace       used 75927K, committed 77504K, reserved 1179648K
  class space    used 8994K, committed 9664K, reserved 1048576K
}
Event: 2038.271 GC heap after
{Heap after GC invocations=2583 (full 3):
 PSYoungGen      total 5120K, used 478K [0x00000000d5580000, 0x00000000d5b00000, 0x0000000100000000)
  eden space 4608K, 0% used [0x00000000d5580000,0x00000000d5580000,0x00000000d5a00000)
  from space 512K, 93% used [0x00000000d5a80000,0x00000000d5af7a50,0x00000000d5b00000)
  to   space 512K, 0% used [0x00000000d5a00000,0x00000000d5a00000,0x00000000d5a80000)
 ParOldGen       total 486912K, used 486613K [0x0000000080000000, 0x000000009db80000, 0x00000000d5580000)
  object space 486912K, 99% used [0x0000000080000000,0x000000009db35688,0x000000009db80000)
 Metaspace       used 75927K, committed 77504K, reserved 1179648K
  class space    used 8994K, committed 9664K, reserved 1048576K
}
Event: 2038.285 GC heap before
{Heap before GC invocations=2584 (full 3):
 PSYoungGen      total 5120K, used 5086K [0x00000000d5580000, 0x00000000d5b00000, 0x0000000100000000)
  eden space 4608K, 100% used [0x00000000d5580000,0x00000000d5a00000,0x00000000d5a00000)
  from space 512K, 93% used [0x00000000d5a80000,0x00000000d5af7a50,0x00000000d5b00000)
  to   space 512K, 0% used [0x00000000d5a00000,0x00000000d5a00000,0x00000000d5a80000)
 ParOldGen       total 486912K, used 486613K [0x0000000080000000, 0x000000009db80000, 0x00000000d5580000)
  object space 486912K, 99% used [0x0000000080000000,0x000000009db35688,0x000000009db80000)
 Metaspace       used 75927K, committed 77504K, reserved 1179648K
  class space    used 8994K, committed 9664K, reserved 1048576K
}
Event: 2038.292 GC heap after
{Heap after GC invocations=2584 (full 3):
 PSYoungGen      total 5120K, used 510K [0x00000000d5580000, 0x00000000d6700000, 0x0000000100000000)
  eden space 4608K, 0% used [0x00000000d5580000,0x00000000d5580000,0x00000000d5a00000)
  from space 512K, 99% used [0x00000000d5a00000,0x00000000d5a7fa50,0x00000000d5a80000)
  to   space 6144K, 0% used [0x00000000d6100000,0x00000000d6100000,0x00000000d6700000)
 ParOldGen       total 491520K, used 491036K [0x0000000080000000, 0x000000009e000000, 0x00000000d5580000)
  object space 491520K, 99% used [0x0000000080000000,0x000000009df870d8,0x000000009e000000)
 Metaspace       used 75927K, committed 77504K, reserved 1179648K
  class space    used 8994K, committed 9664K, reserved 1048576K
}
Event: 2038.299 GC heap before
{Heap before GC invocations=2585 (full 3):
 PSYoungGen      total 5120K, used 5118K [0x00000000d5580000, 0x00000000d6700000, 0x0000000100000000)
  eden space 4608K, 100% used [0x00000000d5580000,0x00000000d5a00000,0x00000000d5a00000)
  from space 512K, 99% used [0x00000000d5a00000,0x00000000d5a7fa50,0x00000000d5a80000)
  to   space 6144K, 0% used [0x00000000d6100000,0x00000000d6100000,0x00000000d6700000)
 ParOldGen       total 491520K, used 491036K [0x0000000080000000, 0x000000009e000000, 0x00000000d5580000)
  object space 491520K, 99% used [0x0000000080000000,0x000000009df870d8,0x000000009e000000)
 Metaspace       used 75927K, committed 77504K, reserved 1179648K
  class space    used 8994K, committed 9664K, reserved 1048576K
}
Event: 2038.301 GC heap after
{Heap after GC invocations=2585 (full 3):
 PSYoungGen      total 7680K, used 1568K [0x00000000d5580000, 0x00000000d6300000, 0x0000000100000000)
  eden space 5632K, 0% used [0x00000000d5580000,0x00000000d5580000,0x00000000d5b00000)
  from space 2048K, 76% used [0x00000000d6100000,0x00000000d6288000,0x00000000d6300000)
  to   space 3072K, 0% used [0x00000000d5d00000,0x00000000d5d00000,0x00000000d6000000)
 ParOldGen       total 492032K, used 491554K [0x0000000080000000, 0x000000009e080000, 0x00000000d5580000)
  object space 492032K, 99% used [0x0000000080000000,0x000000009e008b28,0x000000009e080000)
 Metaspace       used 75927K, committed 77504K, reserved 1179648K
  class space    used 8994K, committed 9664K, reserved 1048576K
}
Event: 2038.311 GC heap before
{Heap before GC invocations=2586 (full 3):
 PSYoungGen      total 7680K, used 7200K [0x00000000d5580000, 0x00000000d6300000, 0x0000000100000000)
  eden space 5632K, 100% used [0x00000000d5580000,0x00000000d5b00000,0x00000000d5b00000)
  from space 2048K, 76% used [0x00000000d6100000,0x00000000d6288000,0x00000000d6300000)
  to   space 3072K, 0% used [0x00000000d5d00000,0x00000000d5d00000,0x00000000d6000000)
 ParOldGen       total 492032K, used 491554K [0x0000000080000000, 0x000000009e080000, 0x00000000d5580000)
  object space 492032K, 99% used [0x0000000080000000,0x000000009e008b28,0x000000009e080000)
 Metaspace       used 75927K, committed 77504K, reserved 1179648K
  class space    used 8994K, committed 9664K, reserved 1048576K
}
Event: 2038.315 GC heap after
{Heap after GC invocations=2586 (full 3):
 PSYoungGen      total 8704K, used 1435K [0x00000000d5580000, 0x00000000d6180000, 0x0000000100000000)
  eden space 7168K, 0% used [0x00000000d5580000,0x00000000d5580000,0x00000000d5c80000)
  from space 1536K, 93% used [0x00000000d5d00000,0x00000000d5e66c20,0x00000000d5e80000)
  to   space 2048K, 0% used [0x00000000d5f80000,0x00000000d5f80000,0x00000000d6180000)
 ParOldGen       total 493568K, used 493066K [0x0000000080000000, 0x000000009e200000, 0x00000000d5580000)
  object space 493568K, 99% used [0x0000000080000000,0x000000009e182b28,0x000000009e200000)
 Metaspace       used 75927K, committed 77504K, reserved 1179648K
  class space    used 8994K, committed 9664K, reserved 1048576K
}
Event: 2764.926 GC heap before
{Heap before GC invocations=2587 (full 3):
 PSYoungGen      total 8704K, used 8603K [0x00000000d5580000, 0x00000000d6180000, 0x0000000100000000)
  eden space 7168K, 100% used [0x00000000d5580000,0x00000000d5c80000,0x00000000d5c80000)
  from space 1536K, 93% used [0x00000000d5d00000,0x00000000d5e66c20,0x00000000d5e80000)
  to   space 2048K, 0% used [0x00000000d5f80000,0x00000000d5f80000,0x00000000d6180000)
 ParOldGen       total 493568K, used 493066K [0x0000000080000000, 0x000000009e200000, 0x00000000d5580000)
  object space 493568K, 99% used [0x0000000080000000,0x000000009e182b28,0x000000009e200000)
 Metaspace       used 76052K, committed 77632K, reserved 1179648K
  class space    used 9006K, committed 9664K, reserved 1048576K
}
Event: 2764.938 GC heap after
{Heap after GC invocations=2587 (full 3):
 PSYoungGen      total 7680K, used 160K [0x00000000d5580000, 0x00000000d6000000, 0x0000000100000000)
  eden space 7168K, 0% used [0x00000000d5580000,0x00000000d5580000,0x00000000d5c80000)
  from space 512K, 31% used [0x00000000d5f80000,0x00000000d5fa8000,0x00000000d6000000)
  to   space 1024K, 0% used [0x00000000d5e00000,0x00000000d5e00000,0x00000000d5f00000)
 ParOldGen       total 494592K, used 494378K [0x0000000080000000, 0x000000009e300000, 0x00000000d5580000)
  object space 494592K, 99% used [0x0000000080000000,0x000000009e2cab28,0x000000009e300000)
 Metaspace       used 76052K, committed 77632K, reserved 1179648K
  class space    used 9006K, committed 9664K, reserved 1048576K
}
Event: 2765.595 GC heap before
{Heap before GC invocations=2588 (full 3):
 PSYoungGen      total 7680K, used 7328K [0x00000000d5580000, 0x00000000d6000000, 0x0000000100000000)
  eden space 7168K, 100% used [0x00000000d5580000,0x00000000d5c80000,0x00000000d5c80000)
  from space 512K, 31% used [0x00000000d5f80000,0x00000000d5fa8000,0x00000000d6000000)
  to   space 1024K, 0% used [0x00000000d5e00000,0x00000000d5e00000,0x00000000d5f00000)
 ParOldGen       total 494592K, used 494378K [0x0000000080000000, 0x000000009e300000, 0x00000000d5580000)
  object space 494592K, 99% used [0x0000000080000000,0x000000009e2cab28,0x000000009e300000)
 Metaspace       used 76083K, committed 77632K, reserved 1179648K
  class space    used 9006K, committed 9664K, reserved 1048576K
}

