# JRE version: OpenJDK Runtime Environment Temurin-21.0.6+7 (21.0.6+7) (build 21.0.6+7-LTS)
# Java VM: OpenJDK 64-Bit Server VM Temurin-21.0.6+7 (21.0.6+7-LTS, mixed mode, sharing, tiered, compressed oops, compressed class ptrs, parallel gc, windows-amd64)
GC Precious Log:
 CardTable entry size: 512
 CPUs: 4 total, 4 available
 Memory: 12168M
 Large Page Support: Disabled
 NUMA Support: Disabled
 Compressed Oops: Enabled (32-bit)
 Alignments: Space 512K, Generation 512K, Heap 2M
 Heap Min Capacity: 100M
 Heap Initial Capacity: 100M
 Heap Max Capacity: 2G
 Pre-touch: Disabled
 Parallel Workers: 4
Heap:
 PSYoungGen      total 6656K, used 4899K [0x00000000d5580000, 0x00000000d5d80000, 0x0000000100000000)
  eden space 5120K, 71% used [0x00000000d5580000,0x00000000d5910740,0x00000000d5a80000)
  from space 1536K, 81% used [0x00000000d5c00000,0x00000000d5d38690,0x00000000d5d80000)
  to   space 1536K, 0% used [0x00000000d5a80000,0x00000000d5a80000,0x00000000d5c00000)
 ParOldGen       total 159232K, used 158767K [0x0000000080000000, 0x0000000089b80000, 0x00000000d5580000)
  object space 159232K, 99% used [0x0000000080000000,0x0000000089b0bfa8,0x0000000089b80000)
 Metaspace       used 63919K, committed 65216K, reserved 1114112K
  class space    used 7819K, committed 8448K, reserved 1048576K
GC Heap History (20 events):
Event: 38.059 GC heap before
{Heap before GC invocations=100 (full 3):
 PSYoungGen      total 6656K, used 6449K [0x00000000d5580000, 0x00000000d5d80000, 0x0000000100000000)
  eden space 5120K, 100% used [0x00000000d5580000,0x00000000d5a80000,0x00000000d5a80000)
  from space 1536K, 86% used [0x00000000d5c00000,0x00000000d5d4c7e0,0x00000000d5d80000)
  to   space 1536K, 0% used [0x00000000d5a80000,0x00000000d5a80000,0x00000000d5c00000)
 ParOldGen       total 146944K, used 146891K [0x0000000080000000, 0x0000000088f80000, 0x00000000d5580000)
  object space 146944K, 99% used [0x0000000080000000,0x0000000088f72e50,0x0000000088f80000)
 Metaspace       used 63675K, committed 65024K, reserved 1114112K
  class space    used 7789K, committed 8384K, reserved 1048576K
}
Event: 38.061 GC heap after
{Heap after GC invocations=100 (full 3):
 PSYoungGen      total 6656K, used 1257K [0x00000000d5580000, 0x00000000d5d80000, 0x0000000100000000)
  eden space 5120K, 0% used [0x00000000d5580000,0x00000000d5580000,0x00000000d5a80000)
  from space 1536K, 81% used [0x00000000d5a80000,0x00000000d5bba400,0x00000000d5c00000)
  to   space 1536K, 0% used [0x00000000d5c00000,0x00000000d5c00000,0x00000000d5d80000)
 ParOldGen       total 148480K, used 148115K [0x0000000080000000, 0x0000000089100000, 0x00000000d5580000)
  object space 148480K, 99% used [0x0000000080000000,0x00000000890a4e40,0x0000000089100000)
 Metaspace       used 63675K, committed 65024K, reserved 1114112K
  class space    used 7789K, committed 8384K, reserved 1048576K
}
Event: 38.106 GC heap before
{Heap before GC invocations=101 (full 3):
 PSYoungGen      total 6656K, used 6377K [0x00000000d5580000, 0x00000000d5d80000, 0x0000000100000000)
  eden space 5120K, 100% used [0x00000000d5580000,0x00000000d5a80000,0x00000000d5a80000)
  from space 1536K, 81% used [0x00000000d5a80000,0x00000000d5bba400,0x00000000d5c00000)
  to   space 1536K, 0% used [0x00000000d5c00000,0x00000000d5c00000,0x00000000d5d80000)
 ParOldGen       total 148480K, used 148115K [0x0000000080000000, 0x0000000089100000, 0x00000000d5580000)
  object space 148480K, 99% used [0x0000000080000000,0x00000000890a4e40,0x0000000089100000)
 Metaspace       used 63675K, committed 65024K, reserved 1114112K
  class space    used 7789K, committed 8384K, reserved 1048576K
}
Event: 38.110 GC heap after
{Heap after GC invocations=101 (full 3):
 PSYoungGen      total 6656K, used 1257K [0x00000000d5580000, 0x00000000d5d80000, 0x0000000100000000)
  eden space 5120K, 0% used [0x00000000d5580000,0x00000000d5580000,0x00000000d5a80000)
  from space 1536K, 81% used [0x00000000d5c00000,0x00000000d5d3a4f0,0x00000000d5d80000)
  to   space 1536K, 0% used [0x00000000d5a80000,0x00000000d5a80000,0x00000000d5c00000)
 ParOldGen       total 149504K, used 149295K [0x0000000080000000, 0x0000000089200000, 0x00000000d5580000)
  object space 149504K, 99% used [0x0000000080000000,0x00000000891cbd20,0x0000000089200000)
 Metaspace       used 63675K, committed 65024K, reserved 1114112K
  class space    used 7789K, committed 8384K, reserved 1048576K
}
Event: 38.139 GC heap before
{Heap before GC invocations=102 (full 3):
 PSYoungGen      total 6656K, used 6377K [0x00000000d5580000, 0x00000000d5d80000, 0x0000000100000000)
  eden space 5120K, 100% used [0x00000000d5580000,0x00000000d5a80000,0x00000000d5a80000)
  from space 1536K, 81% used [0x00000000d5c00000,0x00000000d5d3a4f0,0x00000000d5d80000)
  to   space 1536K, 0% used [0x00000000d5a80000,0x00000000d5a80000,0x00000000d5c00000)
 ParOldGen       total 149504K, used 149295K [0x0000000080000000, 0x0000000089200000, 0x00000000d5580000)
  object space 149504K, 99% used [0x0000000080000000,0x00000000891cbd20,0x0000000089200000)
 Metaspace       used 63675K, committed 65024K, reserved 1114112K
  class space    used 7789K, committed 8384K, reserved 1048576K
}
Event: 38.143 GC heap after
{Heap after GC invocations=102 (full 3):
 PSYoungGen      total 6656K, used 1255K [0x00000000d5580000, 0x00000000d5d80000, 0x0000000100000000)
  eden space 5120K, 0% used [0x00000000d5580000,0x00000000d5580000,0x00000000d5a80000)
  from space 1536K, 81% used [0x00000000d5a80000,0x00000000d5bb9d88,0x00000000d5c00000)
  to   space 1536K, 0% used [0x00000000d5c00000,0x00000000d5c00000,0x00000000d5d80000)
 ParOldGen       total 150528K, used 150472K [0x0000000080000000, 0x0000000089300000, 0x00000000d5580000)
  object space 150528K, 99% used [0x0000000080000000,0x00000000892f23a8,0x0000000089300000)
 Metaspace       used 63675K, committed 65024K, reserved 1114112K
  class space    used 7789K, committed 8384K, reserved 1048576K
}
Event: 38.179 GC heap before
{Heap before GC invocations=103 (full 3):
 PSYoungGen      total 6656K, used 6375K [0x00000000d5580000, 0x00000000d5d80000, 0x0000000100000000)
  eden space 5120K, 100% used [0x00000000d5580000,0x00000000d5a80000,0x00000000d5a80000)
  from space 1536K, 81% used [0x00000000d5a80000,0x00000000d5bb9d88,0x00000000d5c00000)
  to   space 1536K, 0% used [0x00000000d5c00000,0x00000000d5c00000,0x00000000d5d80000)
 ParOldGen       total 150528K, used 150472K [0x0000000080000000, 0x0000000089300000, 0x00000000d5580000)
  object space 150528K, 99% used [0x0000000080000000,0x00000000892f23a8,0x0000000089300000)
 Metaspace       used 63675K, committed 65024K, reserved 1114112K
  class space    used 7789K, committed 8384K, reserved 1048576K
}
Event: 38.182 GC heap after
{Heap after GC invocations=103 (full 3):
 PSYoungGen      total 6656K, used 1267K [0x00000000d5580000, 0x00000000d5d80000, 0x0000000100000000)
  eden space 5120K, 0% used [0x00000000d5580000,0x00000000d5580000,0x00000000d5a80000)
  from space 1536K, 82% used [0x00000000d5c00000,0x00000000d5d3ced0,0x00000000d5d80000)
  to   space 1536K, 0% used [0x00000000d5a80000,0x00000000d5a80000,0x00000000d5c00000)
 ParOldGen       total 152064K, used 151649K [0x0000000080000000, 0x0000000089480000, 0x00000000d5580000)
  object space 152064K, 99% used [0x0000000080000000,0x0000000089418678,0x0000000089480000)
 Metaspace       used 63675K, committed 65024K, reserved 1114112K
  class space    used 7789K, committed 8384K, reserved 1048576K
}
Event: 38.213 GC heap before
{Heap before GC invocations=104 (full 3):
 PSYoungGen      total 6656K, used 6387K [0x00000000d5580000, 0x00000000d5d80000, 0x0000000100000000)
  eden space 5120K, 100% used [0x00000000d5580000,0x00000000d5a80000,0x00000000d5a80000)
  from space 1536K, 82% used [0x00000000d5c00000,0x00000000d5d3ced0,0x00000000d5d80000)
  to   space 1536K, 0% used [0x00000000d5a80000,0x00000000d5a80000,0x00000000d5c00000)
 ParOldGen       total 152064K, used 151649K [0x0000000080000000, 0x0000000089480000, 0x00000000d5580000)
  object space 152064K, 99% used [0x0000000080000000,0x0000000089418678,0x0000000089480000)
 Metaspace       used 63675K, committed 65024K, reserved 1114112K
  class space    used 7789K, committed 8384K, reserved 1048576K
}
Event: 38.215 GC heap after
{Heap after GC invocations=104 (full 3):
 PSYoungGen      total 6656K, used 1230K [0x00000000d5580000, 0x00000000d5d80000, 0x0000000100000000)
  eden space 5120K, 0% used [0x00000000d5580000,0x00000000d5580000,0x00000000d5a80000)
  from space 1536K, 80% used [0x00000000d5a80000,0x00000000d5bb3988,0x00000000d5c00000)
  to   space 1536K, 0% used [0x00000000d5c00000,0x00000000d5c00000,0x00000000d5d80000)
 ParOldGen       total 153088K, used 152799K [0x0000000080000000, 0x0000000089580000, 0x00000000d5580000)
  object space 153088K, 99% used [0x0000000080000000,0x0000000089537c10,0x0000000089580000)
 Metaspace       used 63675K, committed 65024K, reserved 1114112K
  class space    used 7789K, committed 8384K, reserved 1048576K
}
Event: 38.247 GC heap before
{Heap before GC invocations=105 (full 3):
 PSYoungGen      total 6656K, used 6350K [0x00000000d5580000, 0x00000000d5d80000, 0x0000000100000000)
  eden space 5120K, 99% used [0x00000000d5580000,0x00000000d5a7fff8,0x00000000d5a80000)
  from space 1536K, 80% used [0x00000000d5a80000,0x00000000d5bb3988,0x00000000d5c00000)
  to   space 1536K, 0% used [0x00000000d5c00000,0x00000000d5c00000,0x00000000d5d80000)
 ParOldGen       total 153088K, used 152799K [0x0000000080000000, 0x0000000089580000, 0x00000000d5580000)
  object space 153088K, 99% used [0x0000000080000000,0x0000000089537c10,0x0000000089580000)
 Metaspace       used 63675K, committed 65024K, reserved 1114112K
  class space    used 7789K, committed 8384K, reserved 1048576K
}
Event: 38.249 GC heap after
{Heap after GC invocations=105 (full 3):
 PSYoungGen      total 6656K, used 1328K [0x00000000d5580000, 0x00000000d5d80000, 0x0000000100000000)
  eden space 5120K, 0% used [0x00000000d5580000,0x00000000d5580000,0x00000000d5a80000)
  from space 1536K, 86% used [0x00000000d5c00000,0x00000000d5d4c180,0x00000000d5d80000)
  to   space 1536K, 0% used [0x00000000d5a80000,0x00000000d5a80000,0x00000000d5c00000)
 ParOldGen       total 154112K, used 153957K [0x0000000080000000, 0x0000000089680000, 0x00000000d5580000)
  object space 154112K, 99% used [0x0000000080000000,0x0000000089659690,0x0000000089680000)
 Metaspace       used 63675K, committed 65024K, reserved 1114112K
  class space    used 7789K, committed 8384K, reserved 1048576K
}
Event: 38.285 GC heap before
{Heap before GC invocations=106 (full 3):
 PSYoungGen      total 6656K, used 6448K [0x00000000d5580000, 0x00000000d5d80000, 0x0000000100000000)
  eden space 5120K, 100% used [0x00000000d5580000,0x00000000d5a80000,0x00000000d5a80000)
  from space 1536K, 86% used [0x00000000d5c00000,0x00000000d5d4c180,0x00000000d5d80000)
  to   space 1536K, 0% used [0x00000000d5a80000,0x00000000d5a80000,0x00000000d5c00000)
 ParOldGen       total 154112K, used 153957K [0x0000000080000000, 0x0000000089680000, 0x00000000d5580000)
  object space 154112K, 99% used [0x0000000080000000,0x0000000089659690,0x0000000089680000)
 Metaspace       used 63675K, committed 65024K, reserved 1114112K
  class space    used 7789K, committed 8384K, reserved 1048576K
}
Event: 38.287 GC heap after
{Heap after GC invocations=106 (full 3):
 PSYoungGen      total 6656K, used 1300K [0x00000000d5580000, 0x00000000d5d80000, 0x0000000100000000)
  eden space 5120K, 0% used [0x00000000d5580000,0x00000000d5580000,0x00000000d5a80000)
  from space 1536K, 84% used [0x00000000d5a80000,0x00000000d5bc5320,0x00000000d5c00000)
  to   space 1536K, 0% used [0x00000000d5c00000,0x00000000d5c00000,0x00000000d5d80000)
 ParOldGen       total 155648K, used 155171K [0x0000000080000000, 0x0000000089800000, 0x00000000d5580000)
  object space 155648K, 99% used [0x0000000080000000,0x0000000089788f40,0x0000000089800000)
 Metaspace       used 63675K, committed 65024K, reserved 1114112K
  class space    used 7789K, committed 8384K, reserved 1048576K
}
Event: 38.318 GC heap before
{Heap before GC invocations=107 (full 3):
 PSYoungGen      total 6656K, used 6420K [0x00000000d5580000, 0x00000000d5d80000, 0x0000000100000000)
  eden space 5120K, 100% used [0x00000000d5580000,0x00000000d5a80000,0x00000000d5a80000)
  from space 1536K, 84% used [0x00000000d5a80000,0x00000000d5bc5320,0x00000000d5c00000)
  to   space 1536K, 0% used [0x00000000d5c00000,0x00000000d5c00000,0x00000000d5d80000)
 ParOldGen       total 155648K, used 155171K [0x0000000080000000, 0x0000000089800000, 0x00000000d5580000)
  object space 155648K, 99% used [0x0000000080000000,0x0000000089788f40,0x0000000089800000)
 Metaspace       used 63676K, committed 65024K, reserved 1114112K
  class space    used 7789K, committed 8384K, reserved 1048576K
}
Event: 38.320 GC heap after
{Heap after GC invocations=107 (full 3):
 PSYoungGen      total 6656K, used 1365K [0x00000000d5580000, 0x00000000d5d80000, 0x0000000100000000)
  eden space 5120K, 0% used [0x00000000d5580000,0x00000000d5580000,0x00000000d5a80000)
  from space 1536K, 88% used [0x00000000d5c00000,0x00000000d5d557b0,0x00000000d5d80000)
  to   space 1536K, 0% used [0x00000000d5a80000,0x00000000d5a80000,0x00000000d5c00000)
 ParOldGen       total 156672K, used 156370K [0x0000000080000000, 0x0000000089900000, 0x00000000d5580000)
  object space 156672K, 99% used [0x0000000080000000,0x00000000898b4b68,0x0000000089900000)
 Metaspace       used 63676K, committed 65024K, reserved 1114112K
  class space    used 7789K, committed 8384K, reserved 1048576K
}
Event: 38.359 GC heap before
{Heap before GC invocations=108 (full 3):
 PSYoungGen      total 6656K, used 6485K [0x00000000d5580000, 0x00000000d5d80000, 0x0000000100000000)
  eden space 5120K, 100% used [0x00000000d5580000,0x00000000d5a80000,0x00000000d5a80000)
  from space 1536K, 88% used [0x00000000d5c00000,0x00000000d5d557b0,0x00000000d5d80000)
  to   space 1536K, 0% used [0x00000000d5a80000,0x00000000d5a80000,0x00000000d5c00000)
 ParOldGen       total 156672K, used 156370K [0x0000000080000000, 0x0000000089900000, 0x00000000d5580000)
  object space 156672K, 99% used [0x0000000080000000,0x00000000898b4b68,0x0000000089900000)
 Metaspace       used 63676K, committed 65024K, reserved 1114112K
  class space    used 7789K, committed 8384K, reserved 1048576K
}
Event: 38.362 GC heap after
{Heap after GC invocations=108 (full 3):
 PSYoungGen      total 6656K, used 1264K [0x00000000d5580000, 0x00000000d5d80000, 0x0000000100000000)
  eden space 5120K, 0% used [0x00000000d5580000,0x00000000d5580000,0x00000000d5a80000)
  from space 1536K, 82% used [0x00000000d5a80000,0x00000000d5bbc298,0x00000000d5c00000)
  to   space 1536K, 0% used [0x00000000d5c00000,0x00000000d5c00000,0x00000000d5d80000)
 ParOldGen       total 157696K, used 157585K [0x0000000080000000, 0x0000000089a00000, 0x00000000d5580000)
  object space 157696K, 99% used [0x0000000080000000,0x00000000899e44b0,0x0000000089a00000)
 Metaspace       used 63676K, committed 65024K, reserved 1114112K
  class space    used 7789K, committed 8384K, reserved 1048576K
}
Event: 38.447 GC heap before
{Heap before GC invocations=109 (full 3):
 PSYoungGen      total 6656K, used 6384K [0x00000000d5580000, 0x00000000d5d80000, 0x0000000100000000)
  eden space 5120K, 100% used [0x00000000d5580000,0x00000000d5a80000,0x00000000d5a80000)
  from space 1536K, 82% used [0x00000000d5a80000,0x00000000d5bbc298,0x00000000d5c00000)
  to   space 1536K, 0% used [0x00000000d5c00000,0x00000000d5c00000,0x00000000d5d80000)
 ParOldGen       total 157696K, used 157585K [0x0000000080000000, 0x0000000089a00000, 0x00000000d5580000)
  object space 157696K, 99% used [0x0000000080000000,0x00000000899e44b0,0x0000000089a00000)
 Metaspace       used 63676K, committed 65024K, reserved 1114112K
  class space    used 7789K, committed 8384K, reserved 1048576K
}
Event: 38.452 GC heap after
{Heap after GC invocations=109 (full 3):
 PSYoungGen      total 6656K, used 1249K [0x00000000d5580000, 0x00000000d5d80000, 0x0000000100000000)
  eden space 5120K, 0% used [0x00000000d5580000,0x00000000d5580000,0x00000000d5a80000)
  from space 1536K, 81% used [0x00000000d5c00000,0x00000000d5d38690,0x00000000d5d80000)
  to   space 1536K, 0% used [0x00000000d5a80000,0x00000000d5a80000,0x00000000d5c00000)
 ParOldGen       total 159232K, used 158767K [0x0000000080000000, 0x0000000089b80000, 0x00000000d5580000)
  object space 159232K, 99% used [0x0000000080000000,0x0000000089b0bfa8,0x0000000089b80000)
 Metaspace       used 63676K, committed 65024K, reserved 1114112K
  class space    used 7789K, committed 8384K, reserved 1048576K
}

