# JRE version: OpenJDK Runtime Environment Temurin-21.0.7+6 (21.0.7+6) (build 21.0.7+6-LTS)
# Java VM: OpenJDK 64-Bit Server VM Temurin-21.0.7+6 (21.0.7+6-LTS, mixed mode, sharing, tiered, compressed oops, compressed class ptrs, parallel gc, windows-amd64)
GC Precious Log:
 CardTable entry size: 512
 CPUs: 4 total, 4 available
 Memory: 12168M
 Large Page Support: Disabled
 NUMA Support: Disabled
 Compressed Oops: Enabled (32-bit)
 Alignments: Space 512K, Generation 512K, Heap 2M
 Heap Min Capacity: 100M
 Heap Initial Capacity: 100M
 Heap Max Capacity: 2G
 Pre-touch: Disabled
 Parallel Workers: 4
Heap:
 PSYoungGen      total 14848K, used 2959K [0x00000000d5580000, 0x00000000d6b80000, 0x0000000100000000)
  eden space 14336K, 17% used [0x00000000d5580000,0x00000000d57e8ad0,0x00000000d6380000)
  from space 512K, 96% used [0x00000000d6480000,0x00000000d64fb178,0x00000000d6500000)
  to   space 4096K, 0% used [0x00000000d6780000,0x00000000d6780000,0x00000000d6b80000)
 ParOldGen       total 1206272K, used 1206240K [0x0000000080000000, 0x00000000c9a00000, 0x00000000d5580000)
  object space 1206272K, 99% used [0x0000000080000000,0x00000000c99f81f0,0x00000000c9a00000)
 Metaspace       used 78241K, committed 79936K, reserved 1179648K
  class space    used 9155K, committed 9920K, reserved 1048576K
GC Heap History (20 events):
Event: 8920.015 GC heap before
{Heap before GC invocations=3401 (full 6):
 PSYoungGen      total 9728K, used 9344K [0x00000000d5580000, 0x00000000d6880000, 0x0000000100000000)
  eden space 9216K, 100% used [0x00000000d5580000,0x00000000d5e80000,0x00000000d5e80000)
  from space 512K, 25% used [0x00000000d5e80000,0x00000000d5ea0000,0x00000000d5f00000)
  to   space 3584K, 0% used [0x00000000d6500000,0x00000000d6500000,0x00000000d6880000)
 ParOldGen       total 1190912K, used 1190816K [0x0000000080000000, 0x00000000c8b00000, 0x00000000d5580000)
  object space 1190912K, 99% used [0x0000000080000000,0x00000000c8ae8138,0x00000000c8b00000)
 Metaspace       used 77633K, committed 79296K, reserved 1179648K
  class space    used 9097K, committed 9856K, reserved 1048576K
}
Event: 8920.020 GC heap after
{Heap after GC invocations=3401 (full 6):
 PSYoungGen      total 12800K, used 3518K [0x00000000d5580000, 0x00000000d6880000, 0x0000000100000000)
  eden space 9216K, 0% used [0x00000000d5580000,0x00000000d5580000,0x00000000d5e80000)
  from space 3584K, 98% used [0x00000000d6500000,0x00000000d686fa50,0x00000000d6880000)
  to   space 4608K, 0% used [0x00000000d5f80000,0x00000000d5f80000,0x00000000d6400000)
 ParOldGen       total 1190912K, used 1190888K [0x0000000080000000, 0x00000000c8b00000, 0x00000000d5580000)
  object space 1190912K, 99% used [0x0000000080000000,0x00000000c8afa138,0x00000000c8b00000)
 Metaspace       used 77633K, committed 79296K, reserved 1179648K
  class space    used 9097K, committed 9856K, reserved 1048576K
}
Event: 8920.033 GC heap before
{Heap before GC invocations=3402 (full 6):
 PSYoungGen      total 12800K, used 12734K [0x00000000d5580000, 0x00000000d6880000, 0x0000000100000000)
  eden space 9216K, 100% used [0x00000000d5580000,0x00000000d5e80000,0x00000000d5e80000)
  from space 3584K, 98% used [0x00000000d6500000,0x00000000d686fa50,0x00000000d6880000)
  to   space 4608K, 0% used [0x00000000d5f80000,0x00000000d5f80000,0x00000000d6400000)
 ParOldGen       total 1190912K, used 1190888K [0x0000000080000000, 0x00000000c8b00000, 0x00000000d5580000)
  object space 1190912K, 99% used [0x0000000080000000,0x00000000c8afa138,0x00000000c8b00000)
 Metaspace       used 77633K, committed 79296K, reserved 1179648K
  class space    used 9097K, committed 9856K, reserved 1048576K
}
Event: 8920.041 GC heap after
{Heap after GC invocations=3402 (full 6):
 PSYoungGen      total 14848K, used 4222K [0x00000000d5580000, 0x00000000d6980000, 0x0000000100000000)
  eden space 10240K, 0% used [0x00000000d5580000,0x00000000d5580000,0x00000000d5f80000)
  from space 4608K, 91% used [0x00000000d5f80000,0x00000000d639fa50,0x00000000d6400000)
  to   space 4608K, 0% used [0x00000000d6500000,0x00000000d6500000,0x00000000d6980000)
 ParOldGen       total 1194496K, used 1194390K [0x0000000080000000, 0x00000000c8e80000, 0x00000000d5580000)
  object space 1194496K, 99% used [0x0000000080000000,0x00000000c8e65b88,0x00000000c8e80000)
 Metaspace       used 77633K, committed 79296K, reserved 1179648K
  class space    used 9097K, committed 9856K, reserved 1048576K
}
Event: 8925.334 GC heap before
{Heap before GC invocations=3403 (full 6):
 PSYoungGen      total 14848K, used 14462K [0x00000000d5580000, 0x00000000d6980000, 0x0000000100000000)
  eden space 10240K, 100% used [0x00000000d5580000,0x00000000d5f80000,0x00000000d5f80000)
  from space 4608K, 91% used [0x00000000d5f80000,0x00000000d639fa50,0x00000000d6400000)
  to   space 4608K, 0% used [0x00000000d6500000,0x00000000d6500000,0x00000000d6980000)
 ParOldGen       total 1194496K, used 1194390K [0x0000000080000000, 0x00000000c8e80000, 0x00000000d5580000)
  object space 1194496K, 99% used [0x0000000080000000,0x00000000c8e65b88,0x00000000c8e80000)
 Metaspace       used 77633K, committed 79296K, reserved 1179648K
  class space    used 9097K, committed 9856K, reserved 1048576K
}
Event: 8925.346 GC heap after
{Heap after GC invocations=3403 (full 6):
 PSYoungGen      total 13312K, used 2718K [0x00000000d5580000, 0x00000000d6800000, 0x0000000100000000)
  eden space 10240K, 0% used [0x00000000d5580000,0x00000000d5580000,0x00000000d5f80000)
  from space 3072K, 88% used [0x00000000d6500000,0x00000000d67a7a50,0x00000000d6800000)
  to   space 3584K, 0% used [0x00000000d6100000,0x00000000d6100000,0x00000000d6480000)
 ParOldGen       total 1195008K, used 1194710K [0x0000000080000000, 0x00000000c8f00000, 0x00000000d5580000)
  object space 1195008K, 99% used [0x0000000080000000,0x00000000c8eb5b88,0x00000000c8f00000)
 Metaspace       used 77633K, committed 79296K, reserved 1179648K
  class space    used 9097K, committed 9856K, reserved 1048576K
}
Event: 8925.421 GC heap before
{Heap before GC invocations=3404 (full 6):
 PSYoungGen      total 13312K, used 12958K [0x00000000d5580000, 0x00000000d6800000, 0x0000000100000000)
  eden space 10240K, 100% used [0x00000000d5580000,0x00000000d5f80000,0x00000000d5f80000)
  from space 3072K, 88% used [0x00000000d6500000,0x00000000d67a7a50,0x00000000d6800000)
  to   space 3584K, 0% used [0x00000000d6100000,0x00000000d6100000,0x00000000d6480000)
 ParOldGen       total 1195008K, used 1194710K [0x0000000080000000, 0x00000000c8f00000, 0x00000000d5580000)
  object space 1195008K, 99% used [0x0000000080000000,0x00000000c8eb5b88,0x00000000c8f00000)
 Metaspace       used 77633K, committed 79296K, reserved 1179648K
  class space    used 9097K, committed 9856K, reserved 1048576K
}
Event: 8925.428 GC heap after
{Heap after GC invocations=3404 (full 6):
 PSYoungGen      total 13824K, used 3578K [0x00000000d5580000, 0x00000000d6b80000, 0x0000000100000000)
  eden space 10240K, 0% used [0x00000000d5580000,0x00000000d5580000,0x00000000d5f80000)
  from space 3584K, 99% used [0x00000000d6100000,0x00000000d647e940,0x00000000d6480000)
  to   space 6144K, 0% used [0x00000000d6580000,0x00000000d6580000,0x00000000d6b80000)
 ParOldGen       total 1196544K, used 1196350K [0x0000000080000000, 0x00000000c9080000, 0x00000000d5580000)
  object space 1196544K, 99% used [0x0000000080000000,0x00000000c904fb88,0x00000000c9080000)
 Metaspace       used 77633K, committed 79296K, reserved 1179648K
  class space    used 9097K, committed 9856K, reserved 1048576K
}
Event: 8925.437 GC heap before
{Heap before GC invocations=3405 (full 6):
 PSYoungGen      total 13824K, used 13818K [0x00000000d5580000, 0x00000000d6b80000, 0x0000000100000000)
  eden space 10240K, 100% used [0x00000000d5580000,0x00000000d5f80000,0x00000000d5f80000)
  from space 3584K, 99% used [0x00000000d6100000,0x00000000d647e940,0x00000000d6480000)
  to   space 6144K, 0% used [0x00000000d6580000,0x00000000d6580000,0x00000000d6b80000)
 ParOldGen       total 1196544K, used 1196350K [0x0000000080000000, 0x00000000c9080000, 0x00000000d5580000)
  object space 1196544K, 99% used [0x0000000080000000,0x00000000c904fb88,0x00000000c9080000)
 Metaspace       used 77633K, committed 79296K, reserved 1179648K
  class space    used 9097K, committed 9856K, reserved 1048576K
}
Event: 8925.447 GC heap after
{Heap after GC invocations=3405 (full 6):
 PSYoungGen      total 16896K, used 3483K [0x00000000d5580000, 0x00000000d6a80000, 0x0000000100000000)
  eden space 11776K, 0% used [0x00000000d5580000,0x00000000d5580000,0x00000000d6100000)
  from space 5120K, 68% used [0x00000000d6580000,0x00000000d68e6c20,0x00000000d6a80000)
  to   space 4608K, 0% used [0x00000000d6100000,0x00000000d6100000,0x00000000d6580000)
 ParOldGen       total 1199616K, used 1199316K [0x0000000080000000, 0x00000000c9380000, 0x00000000d5580000)
  object space 1199616K, 99% used [0x0000000080000000,0x00000000c9335028,0x00000000c9380000)
 Metaspace       used 77633K, committed 79296K, reserved 1179648K
  class space    used 9097K, committed 9856K, reserved 1048576K
}
Event: 8925.457 GC heap before
{Heap before GC invocations=3406 (full 6):
 PSYoungGen      total 16896K, used 15259K [0x00000000d5580000, 0x00000000d6a80000, 0x0000000100000000)
  eden space 11776K, 100% used [0x00000000d5580000,0x00000000d6100000,0x00000000d6100000)
  from space 5120K, 68% used [0x00000000d6580000,0x00000000d68e6c20,0x00000000d6a80000)
  to   space 4608K, 0% used [0x00000000d6100000,0x00000000d6100000,0x00000000d6580000)
 ParOldGen       total 1199616K, used 1199316K [0x0000000080000000, 0x00000000c9380000, 0x00000000d5580000)
  object space 1199616K, 99% used [0x0000000080000000,0x00000000c9335028,0x00000000c9380000)
 Metaspace       used 77633K, committed 79296K, reserved 1179648K
  class space    used 9097K, committed 9856K, reserved 1048576K
}
Event: 8925.463 GC heap after
{Heap after GC invocations=3406 (full 6):
 PSYoungGen      total 16384K, used 1357K [0x00000000d5580000, 0x00000000d6880000, 0x0000000100000000)
  eden space 11776K, 0% used [0x00000000d5580000,0x00000000d5580000,0x00000000d6100000)
  from space 4608K, 29% used [0x00000000d6100000,0x00000000d62535b0,0x00000000d6580000)
  to   space 2560K, 0% used [0x00000000d6600000,0x00000000d6600000,0x00000000d6880000)
 ParOldGen       total 1202176K, used 1201852K [0x0000000080000000, 0x00000000c9600000, 0x00000000d5580000)
  object space 1202176K, 99% used [0x0000000080000000,0x00000000c95af028,0x00000000c9600000)
 Metaspace       used 77633K, committed 79296K, reserved 1179648K
  class space    used 9097K, committed 9856K, reserved 1048576K
}
Event: 10901.008 GC heap before
{Heap before GC invocations=3407 (full 6):
 PSYoungGen      total 16384K, used 13133K [0x00000000d5580000, 0x00000000d6880000, 0x0000000100000000)
  eden space 11776K, 100% used [0x00000000d5580000,0x00000000d6100000,0x00000000d6100000)
  from space 4608K, 29% used [0x00000000d6100000,0x00000000d62535b0,0x00000000d6580000)
  to   space 2560K, 0% used [0x00000000d6600000,0x00000000d6600000,0x00000000d6880000)
 ParOldGen       total 1202176K, used 1201852K [0x0000000080000000, 0x00000000c9600000, 0x00000000d5580000)
  object space 1202176K, 99% used [0x0000000080000000,0x00000000c95af028,0x00000000c9600000)
 Metaspace       used 77697K, committed 79360K, reserved 1179648K
  class space    used 9097K, committed 9856K, reserved 1048576K
}
Event: 10901.680 GC heap after
{Heap after GC invocations=3407 (full 6):
 PSYoungGen      total 15872K, used 1066K [0x00000000d5580000, 0x00000000d6780000, 0x0000000100000000)
  eden space 14336K, 0% used [0x00000000d5580000,0x00000000d5580000,0x00000000d6380000)
  from space 1536K, 69% used [0x00000000d6600000,0x00000000d670a9b0,0x00000000d6780000)
  to   space 1536K, 0% used [0x00000000d6480000,0x00000000d6480000,0x00000000d6600000)
 ParOldGen       total 1203200K, used 1202988K [0x0000000080000000, 0x00000000c9700000, 0x00000000d5580000)
  object space 1203200K, 99% used [0x0000000080000000,0x00000000c96cb028,0x00000000c9700000)
 Metaspace       used 77697K, committed 79360K, reserved 1179648K
  class space    used 9097K, committed 9856K, reserved 1048576K
}
Event: 10981.373 GC heap before
{Heap before GC invocations=3408 (full 6):
 PSYoungGen      total 15872K, used 15402K [0x00000000d5580000, 0x00000000d6780000, 0x0000000100000000)
  eden space 14336K, 100% used [0x00000000d5580000,0x00000000d6380000,0x00000000d6380000)
  from space 1536K, 69% used [0x00000000d6600000,0x00000000d670a9b0,0x00000000d6780000)
  to   space 1536K, 0% used [0x00000000d6480000,0x00000000d6480000,0x00000000d6600000)
 ParOldGen       total 1203200K, used 1202988K [0x0000000080000000, 0x00000000c9700000, 0x00000000d5580000)
  object space 1203200K, 99% used [0x0000000080000000,0x00000000c96cb028,0x00000000c9700000)
 Metaspace       used 77743K, committed 79424K, reserved 1179648K
  class space    used 9099K, committed 9856K, reserved 1048576K
}
Event: 10981.386 GC heap after
{Heap after GC invocations=3408 (full 6):
 PSYoungGen      total 14848K, used 480K [0x00000000d5580000, 0x00000000d6680000, 0x0000000100000000)
  eden space 14336K, 0% used [0x00000000d5580000,0x00000000d5580000,0x00000000d6380000)
  from space 512K, 93% used [0x00000000d6480000,0x00000000d64f8020,0x00000000d6500000)
  to   space 1024K, 0% used [0x00000000d6580000,0x00000000d6580000,0x00000000d6680000)
 ParOldGen       total 1203200K, used 1203180K [0x0000000080000000, 0x00000000c9700000, 0x00000000d5580000)
  object space 1203200K, 99% used [0x0000000080000000,0x00000000c96fb068,0x00000000c9700000)
 Metaspace       used 77743K, committed 79424K, reserved 1179648K
  class space    used 9099K, committed 9856K, reserved 1048576K
}
Event: 11673.228 GC heap before
{Heap before GC invocations=3409 (full 6):
 PSYoungGen      total 14848K, used 14815K [0x00000000d5580000, 0x00000000d6680000, 0x0000000100000000)
  eden space 14336K, 99% used [0x00000000d5580000,0x00000000d637ffc0,0x00000000d6380000)
  from space 512K, 93% used [0x00000000d6480000,0x00000000d64f8020,0x00000000d6500000)
  to   space 1024K, 0% used [0x00000000d6580000,0x00000000d6580000,0x00000000d6680000)
 ParOldGen       total 1203200K, used 1203180K [0x0000000080000000, 0x00000000c9700000, 0x00000000d5580000)
  object space 1203200K, 99% used [0x0000000080000000,0x00000000c96fb068,0x00000000c9700000)
 Metaspace       used 77855K, committed 79488K, reserved 1179648K
  class space    used 9115K, committed 9856K, reserved 1048576K
}
Event: 11673.243 GC heap after
{Heap after GC invocations=3409 (full 6):
 PSYoungGen      total 14848K, used 160K [0x00000000d5580000, 0x00000000d6600000, 0x0000000100000000)
  eden space 14336K, 0% used [0x00000000d5580000,0x00000000d5580000,0x00000000d6380000)
  from space 512K, 31% used [0x00000000d6580000,0x00000000d65a8000,0x00000000d6600000)
  to   space 512K, 0% used [0x00000000d6480000,0x00000000d6480000,0x00000000d6500000)
 ParOldGen       total 1203712K, used 1203220K [0x0000000080000000, 0x00000000c9780000, 0x00000000d5580000)
  object space 1203712K, 99% used [0x0000000080000000,0x00000000c9705068,0x00000000c9780000)
 Metaspace       used 77855K, committed 79488K, reserved 1179648K
  class space    used 9115K, committed 9856K, reserved 1048576K
}
Event: 11674.196 GC heap before
{Heap before GC invocations=3410 (full 6):
 PSYoungGen      total 14848K, used 14392K [0x00000000d5580000, 0x00000000d6600000, 0x0000000100000000)
  eden space 14336K, 99% used [0x00000000d5580000,0x00000000d6366170,0x00000000d6380000)
  from space 512K, 31% used [0x00000000d6580000,0x00000000d65a8000,0x00000000d6600000)
  to   space 512K, 0% used [0x00000000d6480000,0x00000000d6480000,0x00000000d6500000)
 ParOldGen       total 1203712K, used 1203220K [0x0000000080000000, 0x00000000c9780000, 0x00000000d5580000)
  object space 1203712K, 99% used [0x0000000080000000,0x00000000c9705068,0x00000000c9780000)
 Metaspace       used 78119K, committed 79744K, reserved 1179648K
  class space    used 9148K, committed 9920K, reserved 1048576K
}
Event: 11674.205 GC heap after
{Heap after GC invocations=3410 (full 6):
 PSYoungGen      total 14848K, used 492K [0x00000000d5580000, 0x00000000d6b80000, 0x0000000100000000)
  eden space 14336K, 0% used [0x00000000d5580000,0x00000000d5580000,0x00000000d6380000)
  from space 512K, 96% used [0x00000000d6480000,0x00000000d64fb178,0x00000000d6500000)
  to   space 4096K, 0% used [0x00000000d6780000,0x00000000d6780000,0x00000000d6b80000)
 ParOldGen       total 1206272K, used 1206240K [0x0000000080000000, 0x00000000c9a00000, 0x00000000d5580000)
  object space 1206272K, 99% used [0x0000000080000000,0x00000000c99f81f0,0x00000000c9a00000)
 Metaspace       used 78119K, committed 79744K, reserved 1179648K
  class space    used 9148K, committed 9920K, reserved 1048576K
}

