# JRE version: OpenJDK Runtime Environment Temurin-21.0.6+7 (21.0.6+7) (build 21.0.6+7-LTS)
# Java VM: OpenJDK 64-Bit Server VM Temurin-21.0.6+7 (21.0.6+7-LTS, mixed mode, sharing, tiered, compressed oops, compressed class ptrs, parallel gc, windows-amd64)
GC Precious Log:
 CardTable entry size: 512
 CPUs: 4 total, 4 available
 Memory: 12168M
 Large Page Support: Disabled
 NUMA Support: Disabled
 Compressed Oops: Enabled (32-bit)
 Alignments: Space 512K, Generation 512K, Heap 2M
 Heap Min Capacity: 100M
 Heap Initial Capacity: 100M
 Heap Max Capacity: 2G
 Pre-touch: Disabled
 Parallel Workers: 4
Heap:
 PSYoungGen      total 22528K, used 21441K [0x00000000d5580000, 0x00000000d7280000, 0x0000000100000000)
  eden space 22016K, 95% used [0x00000000d5580000,0x00000000d69f8798,0x00000000d6b00000)
  from space 512K, 93% used [0x00000000d7200000,0x00000000d7278020,0x00000000d7280000)
  to   space 2048K, 0% used [0x00000000d6e80000,0x00000000d6e80000,0x00000000d7080000)
 ParOldGen       total 68608K, used 32602K [0x0000000080000000, 0x0000000084300000, 0x00000000d5580000)
  object space 68608K, 47% used [0x0000000080000000,0x0000000081fd6b80,0x0000000084300000)
 Metaspace       used 41893K, committed 42944K, reserved 1114112K
  class space    used 3968K, committed 4416K, reserved 1048576K
GC Heap History (20 events):
Event: 137.624 GC heap before
{Heap before GC invocations=13 (full 1):
 PSYoungGen      total 25600K, used 25201K [0x00000000d5580000, 0x00000000d7280000, 0x0000000100000000)
  eden space 22528K, 100% used [0x00000000d5580000,0x00000000d6b80000,0x00000000d6b80000)
  from space 3072K, 87% used [0x00000000d6d80000,0x00000000d701c440,0x00000000d7080000)
  to   space 2048K, 0% used [0x00000000d7080000,0x00000000d7080000,0x00000000d7280000)
 ParOldGen       total 68608K, used 17613K [0x0000000080000000, 0x0000000084300000, 0x00000000d5580000)
  object space 68608K, 25% used [0x0000000080000000,0x0000000081133590,0x0000000084300000)
 Metaspace       used 34038K, committed 34944K, reserved 1114112K
  class space    used 3344K, committed 3712K, reserved 1048576K
}
Event: 137.634 GC heap after
{Heap after GC invocations=13 (full 1):
 PSYoungGen      total 24064K, used 2018K [0x00000000d5580000, 0x00000000d7600000, 0x0000000100000000)
  eden space 22016K, 0% used [0x00000000d5580000,0x00000000d5580000,0x00000000d6b00000)
  from space 2048K, 98% used [0x00000000d7080000,0x00000000d7278800,0x00000000d7280000)
  to   space 5632K, 0% used [0x00000000d6b00000,0x00000000d6b00000,0x00000000d7080000)
 ParOldGen       total 68608K, used 20614K [0x0000000080000000, 0x0000000084300000, 0x00000000d5580000)
  object space 68608K, 30% used [0x0000000080000000,0x0000000081421b38,0x0000000084300000)
 Metaspace       used 34038K, committed 34944K, reserved 1114112K
  class space    used 3344K, committed 3712K, reserved 1048576K
}
Event: 137.787 GC heap before
{Heap before GC invocations=14 (full 1):
 PSYoungGen      total 24064K, used 24034K [0x00000000d5580000, 0x00000000d7600000, 0x0000000100000000)
  eden space 22016K, 100% used [0x00000000d5580000,0x00000000d6b00000,0x00000000d6b00000)
  from space 2048K, 98% used [0x00000000d7080000,0x00000000d7278800,0x00000000d7280000)
  to   space 5632K, 0% used [0x00000000d6b00000,0x00000000d6b00000,0x00000000d7080000)
 ParOldGen       total 68608K, used 20614K [0x0000000080000000, 0x0000000084300000, 0x00000000d5580000)
  object space 68608K, 30% used [0x0000000080000000,0x0000000081421b38,0x0000000084300000)
 Metaspace       used 34050K, committed 34944K, reserved 1114112K
  class space    used 3345K, committed 3712K, reserved 1048576K
}
Event: 137.795 GC heap after
{Heap after GC invocations=14 (full 1):
 PSYoungGen      total 24576K, used 2436K [0x00000000d5580000, 0x00000000d7200000, 0x0000000100000000)
  eden space 22016K, 0% used [0x00000000d5580000,0x00000000d5580000,0x00000000d6b00000)
  from space 2560K, 95% used [0x00000000d6b00000,0x00000000d6d61000,0x00000000d6d80000)
  to   space 3584K, 0% used [0x00000000d6e80000,0x00000000d6e80000,0x00000000d7200000)
 ParOldGen       total 68608K, used 22486K [0x0000000080000000, 0x0000000084300000, 0x00000000d5580000)
  object space 68608K, 32% used [0x0000000080000000,0x00000000815f5b38,0x0000000084300000)
 Metaspace       used 34050K, committed 34944K, reserved 1114112K
  class space    used 3345K, committed 3712K, reserved 1048576K
}
Event: 138.039 GC heap before
{Heap before GC invocations=15 (full 1):
 PSYoungGen      total 24576K, used 24452K [0x00000000d5580000, 0x00000000d7200000, 0x0000000100000000)
  eden space 22016K, 100% used [0x00000000d5580000,0x00000000d6b00000,0x00000000d6b00000)
  from space 2560K, 95% used [0x00000000d6b00000,0x00000000d6d61000,0x00000000d6d80000)
  to   space 3584K, 0% used [0x00000000d6e80000,0x00000000d6e80000,0x00000000d7200000)
 ParOldGen       total 68608K, used 22486K [0x0000000080000000, 0x0000000084300000, 0x00000000d5580000)
  object space 68608K, 32% used [0x0000000080000000,0x00000000815f5b38,0x0000000084300000)
 Metaspace       used 34093K, committed 35008K, reserved 1114112K
  class space    used 3345K, committed 3712K, reserved 1048576K
}
Event: 138.046 GC heap after
{Heap after GC invocations=15 (full 1):
 PSYoungGen      total 24576K, used 2360K [0x00000000d5580000, 0x00000000d7100000, 0x0000000100000000)
  eden space 22016K, 0% used [0x00000000d5580000,0x00000000d5580000,0x00000000d6b00000)
  from space 2560K, 92% used [0x00000000d6e80000,0x00000000d70ce210,0x00000000d7100000)
  to   space 2560K, 0% used [0x00000000d6b00000,0x00000000d6b00000,0x00000000d6d80000)
 ParOldGen       total 68608K, used 24858K [0x0000000080000000, 0x0000000084300000, 0x00000000d5580000)
  object space 68608K, 36% used [0x0000000080000000,0x0000000081846b38,0x0000000084300000)
 Metaspace       used 34093K, committed 35008K, reserved 1114112K
  class space    used 3345K, committed 3712K, reserved 1048576K
}
Event: 138.533 GC heap before
{Heap before GC invocations=16 (full 1):
 PSYoungGen      total 24576K, used 23571K [0x00000000d5580000, 0x00000000d7100000, 0x0000000100000000)
  eden space 22016K, 96% used [0x00000000d5580000,0x00000000d6a36a48,0x00000000d6b00000)
  from space 2560K, 92% used [0x00000000d6e80000,0x00000000d70ce210,0x00000000d7100000)
  to   space 2560K, 0% used [0x00000000d6b00000,0x00000000d6b00000,0x00000000d6d80000)
 ParOldGen       total 68608K, used 24858K [0x0000000080000000, 0x0000000084300000, 0x00000000d5580000)
  object space 68608K, 36% used [0x0000000080000000,0x0000000081846b38,0x0000000084300000)
 Metaspace       used 35037K, committed 35840K, reserved 1114112K
  class space    used 3409K, committed 3776K, reserved 1048576K
}
Event: 138.541 GC heap after
{Heap after GC invocations=16 (full 1):
 PSYoungGen      total 24576K, used 2560K [0x00000000d5580000, 0x00000000d7a00000, 0x0000000100000000)
  eden space 22016K, 0% used [0x00000000d5580000,0x00000000d5580000,0x00000000d6b00000)
  from space 2560K, 100% used [0x00000000d6b00000,0x00000000d6d80000,0x00000000d6d80000)
  to   space 7680K, 0% used [0x00000000d7280000,0x00000000d7280000,0x00000000d7a00000)
 ParOldGen       total 68608K, used 29092K [0x0000000080000000, 0x0000000084300000, 0x00000000d5580000)
  object space 68608K, 42% used [0x0000000080000000,0x0000000081c692d8,0x0000000084300000)
 Metaspace       used 35037K, committed 35840K, reserved 1114112K
  class space    used 3409K, committed 3776K, reserved 1048576K
}
Event: 138.541 GC heap before
{Heap before GC invocations=17 (full 2):
 PSYoungGen      total 24576K, used 2560K [0x00000000d5580000, 0x00000000d7a00000, 0x0000000100000000)
  eden space 22016K, 0% used [0x00000000d5580000,0x00000000d5580000,0x00000000d6b00000)
  from space 2560K, 100% used [0x00000000d6b00000,0x00000000d6d80000,0x00000000d6d80000)
  to   space 7680K, 0% used [0x00000000d7280000,0x00000000d7280000,0x00000000d7a00000)
 ParOldGen       total 68608K, used 29092K [0x0000000080000000, 0x0000000084300000, 0x00000000d5580000)
  object space 68608K, 42% used [0x0000000080000000,0x0000000081c692d8,0x0000000084300000)
 Metaspace       used 35037K, committed 35840K, reserved 1114112K
  class space    used 3409K, committed 3776K, reserved 1048576K
}
Event: 138.632 GC heap after
{Heap after GC invocations=17 (full 2):
 PSYoungGen      total 24576K, used 0K [0x00000000d5580000, 0x00000000d7a00000, 0x0000000100000000)
  eden space 22016K, 0% used [0x00000000d5580000,0x00000000d5580000,0x00000000d6b00000)
  from space 2560K, 0% used [0x00000000d6b00000,0x00000000d6b00000,0x00000000d6d80000)
  to   space 7680K, 0% used [0x00000000d7280000,0x00000000d7280000,0x00000000d7a00000)
 ParOldGen       total 68608K, used 29280K [0x0000000080000000, 0x0000000084300000, 0x00000000d5580000)
  object space 68608K, 42% used [0x0000000080000000,0x0000000081c98150,0x0000000084300000)
 Metaspace       used 35037K, committed 35840K, reserved 1114112K
  class space    used 3409K, committed 3776K, reserved 1048576K
}
Event: 139.029 GC heap before
{Heap before GC invocations=18 (full 2):
 PSYoungGen      total 24576K, used 22016K [0x00000000d5580000, 0x00000000d7a00000, 0x0000000100000000)
  eden space 22016K, 100% used [0x00000000d5580000,0x00000000d6b00000,0x00000000d6b00000)
  from space 2560K, 0% used [0x00000000d6b00000,0x00000000d6b00000,0x00000000d6d80000)
  to   space 7680K, 0% used [0x00000000d7280000,0x00000000d7280000,0x00000000d7a00000)
 ParOldGen       total 68608K, used 29280K [0x0000000080000000, 0x0000000084300000, 0x00000000d5580000)
  object space 68608K, 42% used [0x0000000080000000,0x0000000081c98150,0x0000000084300000)
 Metaspace       used 35563K, committed 36416K, reserved 1114112K
  class space    used 3465K, committed 3840K, reserved 1048576K
}
Event: 139.032 GC heap after
{Heap after GC invocations=18 (full 2):
 PSYoungGen      total 23552K, used 1315K [0x00000000d5580000, 0x00000000d7400000, 0x0000000100000000)
  eden space 22016K, 0% used [0x00000000d5580000,0x00000000d5580000,0x00000000d6b00000)
  from space 1536K, 85% used [0x00000000d7280000,0x00000000d73c8db8,0x00000000d7400000)
  to   space 3584K, 0% used [0x00000000d6d00000,0x00000000d6d00000,0x00000000d7080000)
 ParOldGen       total 68608K, used 29288K [0x0000000080000000, 0x0000000084300000, 0x00000000d5580000)
  object space 68608K, 42% used [0x0000000080000000,0x0000000081c9a150,0x0000000084300000)
 Metaspace       used 35563K, committed 36416K, reserved 1114112K
  class space    used 3465K, committed 3840K, reserved 1048576K
}
Event: 139.330 GC heap before
{Heap before GC invocations=19 (full 2):
 PSYoungGen      total 23552K, used 23331K [0x00000000d5580000, 0x00000000d7400000, 0x0000000100000000)
  eden space 22016K, 100% used [0x00000000d5580000,0x00000000d6b00000,0x00000000d6b00000)
  from space 1536K, 85% used [0x00000000d7280000,0x00000000d73c8db8,0x00000000d7400000)
  to   space 3584K, 0% used [0x00000000d6d00000,0x00000000d6d00000,0x00000000d7080000)
 ParOldGen       total 68608K, used 29288K [0x0000000080000000, 0x0000000084300000, 0x00000000d5580000)
  object space 68608K, 42% used [0x0000000080000000,0x0000000081c9a150,0x0000000084300000)
 Metaspace       used 36696K, committed 37568K, reserved 1114112K
  class space    used 3567K, committed 3968K, reserved 1048576K
}
Event: 139.332 GC heap after
{Heap after GC invocations=19 (full 2):
 PSYoungGen      total 25600K, used 160K [0x00000000d5580000, 0x00000000d7300000, 0x0000000100000000)
  eden space 22016K, 0% used [0x00000000d5580000,0x00000000d5580000,0x00000000d6b00000)
  from space 3584K, 4% used [0x00000000d6d00000,0x00000000d6d28000,0x00000000d7080000)
  to   space 1024K, 0% used [0x00000000d7200000,0x00000000d7200000,0x00000000d7300000)
 ParOldGen       total 68608K, used 29384K [0x0000000080000000, 0x0000000084300000, 0x00000000d5580000)
  object space 68608K, 42% used [0x0000000080000000,0x0000000081cb2150,0x0000000084300000)
 Metaspace       used 36696K, committed 37568K, reserved 1114112K
  class space    used 3567K, committed 3968K, reserved 1048576K
}
Event: 139.909 GC heap before
{Heap before GC invocations=20 (full 2):
 PSYoungGen      total 25600K, used 22176K [0x00000000d5580000, 0x00000000d7300000, 0x0000000100000000)
  eden space 22016K, 100% used [0x00000000d5580000,0x00000000d6b00000,0x00000000d6b00000)
  from space 3584K, 4% used [0x00000000d6d00000,0x00000000d6d28000,0x00000000d7080000)
  to   space 1024K, 0% used [0x00000000d7200000,0x00000000d7200000,0x00000000d7300000)
 ParOldGen       total 68608K, used 29384K [0x0000000080000000, 0x0000000084300000, 0x00000000d5580000)
  object space 68608K, 42% used [0x0000000080000000,0x0000000081cb2150,0x0000000084300000)
 Metaspace       used 37605K, committed 38528K, reserved 1114112K
  class space    used 3681K, committed 4096K, reserved 1048576K
}
Event: 139.910 GC heap after
{Heap after GC invocations=20 (full 2):
 PSYoungGen      total 22528K, used 384K [0x00000000d5580000, 0x00000000d7280000, 0x0000000100000000)
  eden space 22016K, 0% used [0x00000000d5580000,0x00000000d5580000,0x00000000d6b00000)
  from space 512K, 75% used [0x00000000d7200000,0x00000000d7260010,0x00000000d7280000)
  to   space 512K, 0% used [0x00000000d7180000,0x00000000d7180000,0x00000000d7200000)
 ParOldGen       total 68608K, used 29480K [0x0000000080000000, 0x0000000084300000, 0x00000000d5580000)
  object space 68608K, 42% used [0x0000000080000000,0x0000000081cca150,0x0000000084300000)
 Metaspace       used 37605K, committed 38528K, reserved 1114112K
  class space    used 3681K, committed 4096K, reserved 1048576K
}
Event: 140.958 GC heap before
{Heap before GC invocations=21 (full 2):
 PSYoungGen      total 22528K, used 22351K [0x00000000d5580000, 0x00000000d7280000, 0x0000000100000000)
  eden space 22016K, 99% used [0x00000000d5580000,0x00000000d6af3f30,0x00000000d6b00000)
  from space 512K, 75% used [0x00000000d7200000,0x00000000d7260010,0x00000000d7280000)
  to   space 512K, 0% used [0x00000000d7180000,0x00000000d7180000,0x00000000d7200000)
 ParOldGen       total 68608K, used 29480K [0x0000000080000000, 0x0000000084300000, 0x00000000d5580000)
  object space 68608K, 42% used [0x0000000080000000,0x0000000081cca150,0x0000000084300000)
 Metaspace       used 40392K, committed 41280K, reserved 1114112K
  class space    used 3918K, committed 4352K, reserved 1048576K
}
Event: 140.961 GC heap after
{Heap after GC invocations=21 (full 2):
 PSYoungGen      total 22528K, used 494K [0x00000000d5580000, 0x00000000d7280000, 0x0000000100000000)
  eden space 22016K, 0% used [0x00000000d5580000,0x00000000d5580000,0x00000000d6b00000)
  from space 512K, 96% used [0x00000000d7180000,0x00000000d71fba60,0x00000000d7200000)
  to   space 512K, 0% used [0x00000000d7200000,0x00000000d7200000,0x00000000d7280000)
 ParOldGen       total 68608K, used 31288K [0x0000000080000000, 0x0000000084300000, 0x00000000d5580000)
  object space 68608K, 45% used [0x0000000080000000,0x0000000081e8e0b0,0x0000000084300000)
 Metaspace       used 40392K, committed 41280K, reserved 1114112K
  class space    used 3918K, committed 4352K, reserved 1048576K
}
Event: 2018.978 GC heap before
{Heap before GC invocations=22 (full 2):
 PSYoungGen      total 22528K, used 22510K [0x00000000d5580000, 0x00000000d7280000, 0x0000000100000000)
  eden space 22016K, 100% used [0x00000000d5580000,0x00000000d6b00000,0x00000000d6b00000)
  from space 512K, 96% used [0x00000000d7180000,0x00000000d71fba60,0x00000000d7200000)
  to   space 512K, 0% used [0x00000000d7200000,0x00000000d7200000,0x00000000d7280000)
 ParOldGen       total 68608K, used 31288K [0x0000000080000000, 0x0000000084300000, 0x00000000d5580000)
  object space 68608K, 45% used [0x0000000080000000,0x0000000081e8e0b0,0x0000000084300000)
 Metaspace       used 41258K, committed 42304K, reserved 1114112K
  class space    used 3948K, committed 4416K, reserved 1048576K
}
Event: 2018.981 GC heap after
{Heap after GC invocations=22 (full 2):
 PSYoungGen      total 22528K, used 480K [0x00000000d5580000, 0x00000000d7280000, 0x0000000100000000)
  eden space 22016K, 0% used [0x00000000d5580000,0x00000000d5580000,0x00000000d6b00000)
  from space 512K, 93% used [0x00000000d7200000,0x00000000d7278020,0x00000000d7280000)
  to   space 2048K, 0% used [0x00000000d6e80000,0x00000000d6e80000,0x00000000d7080000)
 ParOldGen       total 68608K, used 32602K [0x0000000080000000, 0x0000000084300000, 0x00000000d5580000)
  object space 68608K, 47% used [0x0000000080000000,0x0000000081fd6b80,0x0000000084300000)
 Metaspace       used 41258K, committed 42304K, reserved 1114112K
  class space    used 3948K, committed 4416K, reserved 1048576K
}

