# JRE version: OpenJDK Runtime Environment Temurin-21.0.6+7 (21.0.6+7) (build 21.0.6+7-LTS)
# Java VM: OpenJDK 64-Bit Server VM Temurin-21.0.6+7 (21.0.6+7-LTS, mixed mode, sharing, tiered, compressed oops, compressed class ptrs, parallel gc, windows-amd64)
GC Precious Log:
 CardTable entry size: 512
 CPUs: 4 total, 4 available
 Memory: 12168M
 Large Page Support: Disabled
 NUMA Support: Disabled
 Compressed Oops: Enabled (32-bit)
 Alignments: Space 512K, Generation 512K, Heap 2M
 Heap Min Capacity: 100M
 Heap Initial Capacity: 100M
 Heap Max Capacity: 2G
 Pre-touch: Disabled
 Parallel Workers: 4
Heap:
 PSYoungGen      total 23040K, used 21516K [0x00000000d5580000, 0x00000000d6f00000, 0x0000000100000000)
  eden space 22016K, 94% used [0x00000000d5580000,0x00000000d69bc7e8,0x00000000d6b00000)
  from space 1024K, 77% used [0x00000000d6d80000,0x00000000d6e46a08,0x00000000d6e80000)
  to   space 512K, 0% used [0x00000000d6e80000,0x00000000d6e80000,0x00000000d6f00000)
 ParOldGen       total 68608K, used 19438K [0x0000000080000000, 0x0000000084300000, 0x00000000d5580000)
  object space 68608K, 28% used [0x0000000080000000,0x00000000812fba40,0x0000000084300000)
 Metaspace       used 40320K, committed 41408K, reserved 1114112K
  class space    used 4292K, committed 4736K, reserved 1048576K
GC Heap History (20 events):
Event: 11.382 GC heap before
{Heap before GC invocations=8 (full 1):
 PSYoungGen      total 29184K, used 4337K [0x00000000d5580000, 0x00000000d7680000, 0x0000000100000000)
  eden space 24576K, 0% used [0x00000000d5580000,0x00000000d5580000,0x00000000d6d80000)
  from space 4608K, 94% used [0x00000000d6e00000,0x00000000d723c730,0x00000000d7280000)
  to   space 4096K, 0% used [0x00000000d7280000,0x00000000d7280000,0x00000000d7680000)
 ParOldGen       total 68608K, used 9417K [0x0000000080000000, 0x0000000084300000, 0x00000000d5580000)
  object space 68608K, 13% used [0x0000000080000000,0x0000000080932758,0x0000000084300000)
 Metaspace       used 20688K, committed 21504K, reserved 1114112K
  class space    used 2085K, committed 2432K, reserved 1048576K
}
Event: 11.437 GC heap after
{Heap after GC invocations=8 (full 1):
 PSYoungGen      total 29184K, used 0K [0x00000000d5580000, 0x00000000d7680000, 0x0000000100000000)
  eden space 24576K, 0% used [0x00000000d5580000,0x00000000d5580000,0x00000000d6d80000)
  from space 4608K, 0% used [0x00000000d6e00000,0x00000000d6e00000,0x00000000d7280000)
  to   space 4096K, 0% used [0x00000000d7280000,0x00000000d7280000,0x00000000d7680000)
 ParOldGen       total 68608K, used 13226K [0x0000000080000000, 0x0000000084300000, 0x00000000d5580000)
  object space 68608K, 19% used [0x0000000080000000,0x0000000080ceaaa0,0x0000000084300000)
 Metaspace       used 20675K, committed 21504K, reserved 1114112K
  class space    used 2082K, committed 2432K, reserved 1048576K
}
Event: 11.703 GC heap before
{Heap before GC invocations=9 (full 1):
 PSYoungGen      total 29184K, used 24576K [0x00000000d5580000, 0x00000000d7680000, 0x0000000100000000)
  eden space 24576K, 100% used [0x00000000d5580000,0x00000000d6d80000,0x00000000d6d80000)
  from space 4608K, 0% used [0x00000000d6e00000,0x00000000d6e00000,0x00000000d7280000)
  to   space 4096K, 0% used [0x00000000d7280000,0x00000000d7280000,0x00000000d7680000)
 ParOldGen       total 68608K, used 13226K [0x0000000080000000, 0x0000000084300000, 0x00000000d5580000)
  object space 68608K, 19% used [0x0000000080000000,0x0000000080ceaaa0,0x0000000084300000)
 Metaspace       used 23438K, committed 24320K, reserved 1114112K
  class space    used 2256K, committed 2624K, reserved 1048576K
}
Event: 11.705 GC heap after
{Heap after GC invocations=9 (full 1):
 PSYoungGen      total 24576K, used 315K [0x00000000d5580000, 0x00000000d7300000, 0x0000000100000000)
  eden space 24064K, 0% used [0x00000000d5580000,0x00000000d5580000,0x00000000d6d00000)
  from space 512K, 61% used [0x00000000d7280000,0x00000000d72cef30,0x00000000d7300000)
  to   space 2048K, 0% used [0x00000000d6f00000,0x00000000d6f00000,0x00000000d7100000)
 ParOldGen       total 68608K, used 13226K [0x0000000080000000, 0x0000000084300000, 0x00000000d5580000)
  object space 68608K, 19% used [0x0000000080000000,0x0000000080ceaaa0,0x0000000084300000)
 Metaspace       used 23438K, committed 24320K, reserved 1114112K
  class space    used 2256K, committed 2624K, reserved 1048576K
}
Event: 12.002 GC heap before
{Heap before GC invocations=10 (full 1):
 PSYoungGen      total 24576K, used 24379K [0x00000000d5580000, 0x00000000d7300000, 0x0000000100000000)
  eden space 24064K, 100% used [0x00000000d5580000,0x00000000d6d00000,0x00000000d6d00000)
  from space 512K, 61% used [0x00000000d7280000,0x00000000d72cef30,0x00000000d7300000)
  to   space 2048K, 0% used [0x00000000d6f00000,0x00000000d6f00000,0x00000000d7100000)
 ParOldGen       total 68608K, used 13226K [0x0000000080000000, 0x0000000084300000, 0x00000000d5580000)
  object space 68608K, 19% used [0x0000000080000000,0x0000000080ceaaa0,0x0000000084300000)
 Metaspace       used 26008K, committed 26880K, reserved 1114112K
  class space    used 2463K, committed 2816K, reserved 1048576K
}
Event: 12.004 GC heap after
{Heap after GC invocations=10 (full 1):
 PSYoungGen      total 25600K, used 2024K [0x00000000d5580000, 0x00000000d7300000, 0x0000000100000000)
  eden space 23552K, 0% used [0x00000000d5580000,0x00000000d5580000,0x00000000d6c80000)
  from space 2048K, 98% used [0x00000000d6f00000,0x00000000d70fa2b0,0x00000000d7100000)
  to   space 2048K, 0% used [0x00000000d7100000,0x00000000d7100000,0x00000000d7300000)
 ParOldGen       total 68608K, used 13234K [0x0000000080000000, 0x0000000084300000, 0x00000000d5580000)
  object space 68608K, 19% used [0x0000000080000000,0x0000000080cecaa0,0x0000000084300000)
 Metaspace       used 26008K, committed 26880K, reserved 1114112K
  class space    used 2463K, committed 2816K, reserved 1048576K
}
Event: 12.535 GC heap before
{Heap before GC invocations=11 (full 1):
 PSYoungGen      total 25600K, used 25576K [0x00000000d5580000, 0x00000000d7300000, 0x0000000100000000)
  eden space 23552K, 99% used [0x00000000d5580000,0x00000000d6c7fff0,0x00000000d6c80000)
  from space 2048K, 98% used [0x00000000d6f00000,0x00000000d70fa2b0,0x00000000d7100000)
  to   space 2048K, 0% used [0x00000000d7100000,0x00000000d7100000,0x00000000d7300000)
 ParOldGen       total 68608K, used 13234K [0x0000000080000000, 0x0000000084300000, 0x00000000d5580000)
  object space 68608K, 19% used [0x0000000080000000,0x0000000080cecaa0,0x0000000084300000)
 Metaspace       used 28220K, committed 29184K, reserved 1114112K
  class space    used 2676K, committed 3136K, reserved 1048576K
}
Event: 12.538 GC heap after
{Heap after GC invocations=11 (full 1):
 PSYoungGen      total 25088K, used 2033K [0x00000000d5580000, 0x00000000d7300000, 0x0000000100000000)
  eden space 23040K, 0% used [0x00000000d5580000,0x00000000d5580000,0x00000000d6c00000)
  from space 2048K, 99% used [0x00000000d7100000,0x00000000d72fc730,0x00000000d7300000)
  to   space 3584K, 0% used [0x00000000d6c00000,0x00000000d6c00000,0x00000000d6f80000)
 ParOldGen       total 68608K, used 14279K [0x0000000080000000, 0x0000000084300000, 0x00000000d5580000)
  object space 68608K, 20% used [0x0000000080000000,0x0000000080df1fd0,0x0000000084300000)
 Metaspace       used 28220K, committed 29184K, reserved 1114112K
  class space    used 2676K, committed 3136K, reserved 1048576K
}
Event: 13.678 GC heap before
{Heap before GC invocations=12 (full 1):
 PSYoungGen      total 25088K, used 25073K [0x00000000d5580000, 0x00000000d7300000, 0x0000000100000000)
  eden space 23040K, 100% used [0x00000000d5580000,0x00000000d6c00000,0x00000000d6c00000)
  from space 2048K, 99% used [0x00000000d7100000,0x00000000d72fc730,0x00000000d7300000)
  to   space 3584K, 0% used [0x00000000d6c00000,0x00000000d6c00000,0x00000000d6f80000)
 ParOldGen       total 68608K, used 14282K [0x0000000080000000, 0x0000000084300000, 0x00000000d5580000)
  object space 68608K, 20% used [0x0000000080000000,0x0000000080df2bf0,0x0000000084300000)
 Metaspace       used 31661K, committed 32704K, reserved 1114112K
  class space    used 3141K, committed 3584K, reserved 1048576K
}
Event: 13.681 GC heap after
{Heap after GC invocations=12 (full 1):
 PSYoungGen      total 26112K, used 845K [0x00000000d5580000, 0x00000000d7180000, 0x0000000100000000)
  eden space 22528K, 0% used [0x00000000d5580000,0x00000000d5580000,0x00000000d6b80000)
  from space 3584K, 23% used [0x00000000d6c00000,0x00000000d6cd3500,0x00000000d6f80000)
  to   space 2048K, 0% used [0x00000000d6f80000,0x00000000d6f80000,0x00000000d7180000)
 ParOldGen       total 68608K, used 16286K [0x0000000080000000, 0x0000000084300000, 0x00000000d5580000)
  object space 68608K, 23% used [0x0000000080000000,0x0000000080fe7a38,0x0000000084300000)
 Metaspace       used 31661K, committed 32704K, reserved 1114112K
  class space    used 3141K, committed 3584K, reserved 1048576K
}
Event: 14.296 GC heap before
{Heap before GC invocations=13 (full 1):
 PSYoungGen      total 26112K, used 23373K [0x00000000d5580000, 0x00000000d7180000, 0x0000000100000000)
  eden space 22528K, 100% used [0x00000000d5580000,0x00000000d6b80000,0x00000000d6b80000)
  from space 3584K, 23% used [0x00000000d6c00000,0x00000000d6cd3500,0x00000000d6f80000)
  to   space 2048K, 0% used [0x00000000d6f80000,0x00000000d6f80000,0x00000000d7180000)
 ParOldGen       total 68608K, used 16286K [0x0000000080000000, 0x0000000084300000, 0x00000000d5580000)
  object space 68608K, 23% used [0x0000000080000000,0x0000000080fe7a38,0x0000000084300000)
 Metaspace       used 34096K, committed 35136K, reserved 1114112K
  class space    used 3430K, committed 3840K, reserved 1048576K
}
Event: 14.299 GC heap after
{Heap after GC invocations=13 (full 1):
 PSYoungGen      total 24064K, used 1619K [0x00000000d5580000, 0x00000000d7180000, 0x0000000100000000)
  eden space 22016K, 0% used [0x00000000d5580000,0x00000000d5580000,0x00000000d6b00000)
  from space 2048K, 79% used [0x00000000d6f80000,0x00000000d7114ec0,0x00000000d7180000)
  to   space 2048K, 0% used [0x00000000d6d80000,0x00000000d6d80000,0x00000000d6f80000)
 ParOldGen       total 68608K, used 17005K [0x0000000080000000, 0x0000000084300000, 0x00000000d5580000)
  object space 68608K, 24% used [0x0000000080000000,0x000000008109b548,0x0000000084300000)
 Metaspace       used 34096K, committed 35136K, reserved 1114112K
  class space    used 3430K, committed 3840K, reserved 1048576K
}
Event: 14.563 GC heap before
{Heap before GC invocations=14 (full 1):
 PSYoungGen      total 24064K, used 11978K [0x00000000d5580000, 0x00000000d7180000, 0x0000000100000000)
  eden space 22016K, 47% used [0x00000000d5580000,0x00000000d5f9daf8,0x00000000d6b00000)
  from space 2048K, 79% used [0x00000000d6f80000,0x00000000d7114ec0,0x00000000d7180000)
  to   space 2048K, 0% used [0x00000000d6d80000,0x00000000d6d80000,0x00000000d6f80000)
 ParOldGen       total 68608K, used 17005K [0x0000000080000000, 0x0000000084300000, 0x00000000d5580000)
  object space 68608K, 24% used [0x0000000080000000,0x000000008109b548,0x0000000084300000)
 Metaspace       used 34797K, committed 35840K, reserved 1114112K
  class space    used 3544K, committed 3968K, reserved 1048576K
}
Event: 14.568 GC heap after
{Heap after GC invocations=14 (full 1):
 PSYoungGen      total 23040K, used 832K [0x00000000d5580000, 0x00000000d7000000, 0x0000000100000000)
  eden space 22016K, 0% used [0x00000000d5580000,0x00000000d5580000,0x00000000d6b00000)
  from space 1024K, 81% used [0x00000000d6d80000,0x00000000d6e50020,0x00000000d6e80000)
  to   space 1536K, 0% used [0x00000000d6e80000,0x00000000d6e80000,0x00000000d7000000)
 ParOldGen       total 68608K, used 18208K [0x0000000080000000, 0x0000000084300000, 0x00000000d5580000)
  object space 68608K, 26% used [0x0000000080000000,0x00000000811c82f0,0x0000000084300000)
 Metaspace       used 34797K, committed 35840K, reserved 1114112K
  class space    used 3544K, committed 3968K, reserved 1048576K
}
Event: 14.568 GC heap before
{Heap before GC invocations=15 (full 2):
 PSYoungGen      total 23040K, used 832K [0x00000000d5580000, 0x00000000d7000000, 0x0000000100000000)
  eden space 22016K, 0% used [0x00000000d5580000,0x00000000d5580000,0x00000000d6b00000)
  from space 1024K, 81% used [0x00000000d6d80000,0x00000000d6e50020,0x00000000d6e80000)
  to   space 1536K, 0% used [0x00000000d6e80000,0x00000000d6e80000,0x00000000d7000000)
 ParOldGen       total 68608K, used 18208K [0x0000000080000000, 0x0000000084300000, 0x00000000d5580000)
  object space 68608K, 26% used [0x0000000080000000,0x00000000811c82f0,0x0000000084300000)
 Metaspace       used 34797K, committed 35840K, reserved 1114112K
  class space    used 3544K, committed 3968K, reserved 1048576K
}
Event: 14.631 GC heap after
{Heap after GC invocations=15 (full 2):
 PSYoungGen      total 23040K, used 0K [0x00000000d5580000, 0x00000000d7000000, 0x0000000100000000)
  eden space 22016K, 0% used [0x00000000d5580000,0x00000000d5580000,0x00000000d6b00000)
  from space 1024K, 0% used [0x00000000d6d80000,0x00000000d6d80000,0x00000000d6e80000)
  to   space 1536K, 0% used [0x00000000d6e80000,0x00000000d6e80000,0x00000000d7000000)
 ParOldGen       total 68608K, used 18508K [0x0000000080000000, 0x0000000084300000, 0x00000000d5580000)
  object space 68608K, 26% used [0x0000000080000000,0x0000000081213080,0x0000000084300000)
 Metaspace       used 34794K, committed 35840K, reserved 1114112K
  class space    used 3544K, committed 3968K, reserved 1048576K
}
Event: 15.164 GC heap before
{Heap before GC invocations=16 (full 2):
 PSYoungGen      total 23040K, used 22016K [0x00000000d5580000, 0x00000000d7000000, 0x0000000100000000)
  eden space 22016K, 100% used [0x00000000d5580000,0x00000000d6b00000,0x00000000d6b00000)
  from space 1024K, 0% used [0x00000000d6d80000,0x00000000d6d80000,0x00000000d6e80000)
  to   space 1536K, 0% used [0x00000000d6e80000,0x00000000d6e80000,0x00000000d7000000)
 ParOldGen       total 68608K, used 18783K [0x0000000080000000, 0x0000000084300000, 0x00000000d5580000)
  object space 68608K, 27% used [0x0000000080000000,0x0000000081257f00,0x0000000084300000)
 Metaspace       used 37069K, committed 38208K, reserved 1114112K
  class space    used 3868K, committed 4352K, reserved 1048576K
}
Event: 15.166 GC heap after
{Heap after GC invocations=16 (full 2):
 PSYoungGen      total 23040K, used 869K [0x00000000d5580000, 0x00000000d6f80000, 0x0000000100000000)
  eden space 22016K, 0% used [0x00000000d5580000,0x00000000d5580000,0x00000000d6b00000)
  from space 1024K, 84% used [0x00000000d6e80000,0x00000000d6f59528,0x00000000d6f80000)
  to   space 1024K, 0% used [0x00000000d6d80000,0x00000000d6d80000,0x00000000d6e80000)
 ParOldGen       total 68608K, used 18791K [0x0000000080000000, 0x0000000084300000, 0x00000000d5580000)
  object space 68608K, 27% used [0x0000000080000000,0x0000000081259f00,0x0000000084300000)
 Metaspace       used 37069K, committed 38208K, reserved 1114112K
  class space    used 3868K, committed 4352K, reserved 1048576K
}
Event: 15.753 GC heap before
{Heap before GC invocations=17 (full 2):
 PSYoungGen      total 23040K, used 22885K [0x00000000d5580000, 0x00000000d6f80000, 0x0000000100000000)
  eden space 22016K, 100% used [0x00000000d5580000,0x00000000d6b00000,0x00000000d6b00000)
  from space 1024K, 84% used [0x00000000d6e80000,0x00000000d6f59528,0x00000000d6f80000)
  to   space 1024K, 0% used [0x00000000d6d80000,0x00000000d6d80000,0x00000000d6e80000)
 ParOldGen       total 68608K, used 18794K [0x0000000080000000, 0x0000000084300000, 0x00000000d5580000)
  object space 68608K, 27% used [0x0000000080000000,0x000000008125a920,0x0000000084300000)
 Metaspace       used 39006K, committed 40128K, reserved 1114112K
  class space    used 4130K, committed 4608K, reserved 1048576K
}
Event: 15.756 GC heap after
{Heap after GC invocations=17 (full 2):
 PSYoungGen      total 23040K, used 794K [0x00000000d5580000, 0x00000000d6f00000, 0x0000000100000000)
  eden space 22016K, 0% used [0x00000000d5580000,0x00000000d5580000,0x00000000d6b00000)
  from space 1024K, 77% used [0x00000000d6d80000,0x00000000d6e46a08,0x00000000d6e80000)
  to   space 512K, 0% used [0x00000000d6e80000,0x00000000d6e80000,0x00000000d6f00000)
 ParOldGen       total 68608K, used 19438K [0x0000000080000000, 0x0000000084300000, 0x00000000d5580000)
  object space 68608K, 28% used [0x0000000080000000,0x00000000812fba40,0x0000000084300000)
 Metaspace       used 39006K, committed 40128K, reserved 1114112K
  class space    used 4130K, committed 4608K, reserved 1048576K
}

